0.00 ; 1 ; 18733 ; 140315227518720 ; 2197 ; -1 ; IWANT
0.00 ; 1 ; 18732 ; 140101136770816 ; 2197 ; 1 ; IAMIN
0.00 ; 2 ; 18733 ; 140315227518720 ; 18838 ; -1 ; IWANT
0.00 ; 2 ; 18732 ; 140101136770816 ; 18838 ; 2 ; IAMIN
0.00 ; 3 ; 18733 ; 140315227518720 ; 1275 ; -1 ; IWANT
0.00 ; 3 ; 18732 ; 140101128378112 ; 1275 ; 3 ; IAMIN
0.00 ; 4 ; 18733 ; 140315227518720 ; 17710 ; -1 ; IWANT
0.00 ; 4 ; 18732 ; 140101136770816 ; 17710 ; 4 ; IAMIN
0.00 ; 5 ; 18733 ; 140315227518720 ; 935 ; -1 ; IWANT
0.00 ; 5 ; 18732 ; 140101128378112 ; 935 ; 5 ; IAMIN
0.00 ; 6 ; 18733 ; 140315227518720 ; 13342 ; -1 ; IWANT
0.00 ; 6 ; 18732 ; 140101136770816 ; 13342 ; 6 ; IAMIN
0.00 ; 7 ; 18733 ; 140315227518720 ; 18011 ; -1 ; IWANT
0.00 ; 7 ; 18732 ; 140101128378112 ; 18011 ; 7 ; IAMIN
0.00 ; 8 ; 18733 ; 140315227518720 ; 9361 ; -1 ; IWANT
0.00 ; 8 ; 18732 ; 140101136770816 ; 9361 ; 8 ; IAMIN
0.00 ; 9 ; 18733 ; 140315227518720 ; 8954 ; -1 ; IWANT
0.00 ; 9 ; 18732 ; 140101136770816 ; 8954 ; 9 ; IAMIN
0.00 ; 10 ; 18733 ; 140315227518720 ; 13188 ; -1 ; IWANT
0.00 ; 10 ; 18732 ; 140101136770816 ; 13188 ; 10 ; IAMIN
0.00 ; 11 ; 18733 ; 140315227518720 ; 19282 ; -1 ; IWANT
0.00 ; 11 ; 18732 ; 140101128378112 ; 19282 ; 11 ; IAMIN
0.00 ; 12 ; 18733 ; 140315227518720 ; 11405 ; -1 ; IWANT
0.00 ; 12 ; 18732 ; 140101136770816 ; 11405 ; 12 ; IAMIN
0.00 ; 13 ; 18733 ; 140315227518720 ; 11536 ; -1 ; IWANT
0.00 ; 13 ; 18732 ; 140101128378112 ; 11536 ; 13 ; IAMIN
0.00 ; 14 ; 18733 ; 140315227518720 ; 4355 ; -1 ; IWANT
0.00 ; 14 ; 18732 ; 140101136770816 ; 4355 ; 14 ; IAMIN
0.00 ; 15 ; 18733 ; 140315227518720 ; 17683 ; -1 ; IWANT
0.00 ; 15 ; 18732 ; 140101136770816 ; 17683 ; 15 ; IAMIN
0.00 ; 16 ; 18733 ; 140315227518720 ; 15441 ; -1 ; IWANT
0.00 ; 16 ; 18732 ; 140101128378112 ; 15441 ; 16 ; IAMIN
0.00 ; 17 ; 18733 ; 140315227518720 ; 6334 ; -1 ; IWANT
0.00 ; 17 ; 18732 ; 140101136770816 ; 6334 ; 17 ; IAMIN
0.00 ; 18 ; 18733 ; 140315227518720 ; 15395 ; -1 ; IWANT
0.00 ; 18 ; 18732 ; 140101136770816 ; 15395 ; 18 ; IAMIN
0.00 ; 19 ; 18733 ; 140315227518720 ; 11420 ; -1 ; IWANT
0.00 ; 19 ; 18732 ; 140101128378112 ; 11420 ; 19 ; IAMIN
0.00 ; 20 ; 18733 ; 140315227518720 ; 2840 ; -1 ; IWANT
0.00 ; 20 ; 18732 ; 140101136770816 ; 2840 ; 20 ; IAMIN
0.00 ; 21 ; 18733 ; 140315227518720 ; 6932 ; -1 ; IWANT
0.00 ; 21 ; 18732 ; 140101136770816 ; 6932 ; 21 ; IAMIN
0.00 ; 22 ; 18733 ; 140315227518720 ; 2389 ; -1 ; IWANT
0.00 ; 22 ; 18732 ; 140101136770816 ; 2389 ; 22 ; IAMIN
0.00 ; 23 ; 18733 ; 140315227518720 ; 19418 ; -1 ; IWANT
0.00 ; 23 ; 18732 ; 140101136770816 ; 19418 ; 23 ; IAMIN
0.00 ; 24 ; 18733 ; 140315227518720 ; 16443 ; -1 ; IWANT
0.00 ; 24 ; 18732 ; 140101128378112 ; 16443 ; 24 ; IAMIN
0.00 ; 25 ; 18733 ; 140315227518720 ; 15265 ; -1 ; IWANT
0.00 ; 25 ; 18732 ; 140101136770816 ; 15265 ; 25 ; IAMIN
0.00 ; 26 ; 18733 ; 140315227518720 ; 15206 ; -1 ; IWANT
0.00 ; 26 ; 18732 ; 140101128378112 ; 15206 ; 26 ; IAMIN
0.00 ; 27 ; 18733 ; 140315227518720 ; 11288 ; -1 ; IWANT
0.00 ; 27 ; 18732 ; 140101136770816 ; 11288 ; 27 ; IAMIN
0.00 ; 28 ; 18733 ; 140315227518720 ; 11153 ; -1 ; IWANT
0.00 ; 28 ; 18732 ; 140101128378112 ; 11153 ; 28 ; IAMIN
0.00 ; 29 ; 18733 ; 140315227518720 ; 10390 ; -1 ; IWANT
0.00 ; 29 ; 18732 ; 140101136770816 ; 10390 ; 29 ; IAMIN
0.00 ; 30 ; 18733 ; 140315227518720 ; 10322 ; -1 ; IWANT
0.00 ; 30 ; 18732 ; 140101128378112 ; 10322 ; 30 ; IAMIN
0.00 ; 31 ; 18733 ; 140315227518720 ; 19518 ; -1 ; IWANT
0.00 ; 31 ; 18732 ; 140101136770816 ; 19518 ; 31 ; IAMIN
0.00 ; 32 ; 18733 ; 140315227518720 ; 12586 ; -1 ; IWANT
0.00 ; 32 ; 18732 ; 140101128378112 ; 12586 ; 32 ; IAMIN
0.00 ; 33 ; 18733 ; 140315227518720 ; 9159 ; -1 ; IWANT
0.00 ; 33 ; 18732 ; 140101136770816 ; 9159 ; 33 ; IAMIN
0.00 ; 34 ; 18733 ; 140315227518720 ; 792 ; -1 ; IWANT
0.00 ; 34 ; 18732 ; 140101136770816 ; 792 ; 34 ; IAMIN
0.00 ; 35 ; 18733 ; 140315227518720 ; 6647 ; -1 ; IWANT
0.00 ; 35 ; 18732 ; 140101136770816 ; 6647 ; 35 ; IAMIN
0.00 ; 36 ; 18733 ; 140315227518720 ; 10094 ; -1 ; IWANT
0.00 ; 36 ; 18732 ; 140101136770816 ; 10094 ; 36 ; IAMIN
0.00 ; 37 ; 18733 ; 140315227518720 ; 10485 ; -1 ; IWANT
0.00 ; 37 ; 18732 ; 140101128378112 ; 10485 ; 37 ; IAMIN
0.00 ; 38 ; 18733 ; 140315227518720 ; 4658 ; -1 ; IWANT
0.00 ; 38 ; 18732 ; 140101136770816 ; 4658 ; 38 ; IAMIN
0.00 ; 39 ; 18733 ; 140315227518720 ; 15806 ; -1 ; IWANT
0.00 ; 39 ; 18732 ; 140101136770816 ; 15806 ; 39 ; IAMIN
0.00 ; 40 ; 18733 ; 140315227518720 ; 19438 ; -1 ; IWANT
0.00 ; 40 ; 18732 ; 140101128378112 ; 19438 ; 40 ; IAMIN
0.00 ; 41 ; 18733 ; 140315227518720 ; 17845 ; -1 ; IWANT
0.00 ; 41 ; 18732 ; 140101136770816 ; 17845 ; 41 ; IAMIN
0.00 ; 42 ; 18733 ; 140315227518720 ; 15087 ; -1 ; IWANT
0.00 ; 42 ; 18732 ; 140101128378112 ; 15087 ; 42 ; IAMIN
0.00 ; 43 ; 18733 ; 140315227518720 ; 10842 ; -1 ; IWANT
0.00 ; 43 ; 18732 ; 140101136770816 ; 10842 ; 43 ; IAMIN
0.00 ; 44 ; 18733 ; 140315227518720 ; 5732 ; -1 ; IWANT
0.00 ; 44 ; 18732 ; 140101128378112 ; 5732 ; 44 ; IAMIN
0.00 ; 45 ; 18733 ; 140315227518720 ; 15793 ; -1 ; IWANT
0.00 ; 45 ; 18732 ; 140101128378112 ; 15793 ; 45 ; IAMIN
0.00 ; 46 ; 18733 ; 140315227518720 ; 4877 ; -1 ; IWANT
0.00 ; 46 ; 18732 ; 140101136770816 ; 4877 ; 46 ; IAMIN
0.00 ; 47 ; 18733 ; 140315227518720 ; 1172 ; -1 ; IWANT
0.00 ; 47 ; 18732 ; 140101128378112 ; 1172 ; 47 ; IAMIN
0.00 ; 48 ; 18733 ; 140315227518720 ; 2126 ; -1 ; IWANT
0.00 ; 48 ; 18732 ; 140101128378112 ; 2126 ; 48 ; IAMIN
0.00 ; 49 ; 18733 ; 140315227518720 ; 271 ; -1 ; IWANT
0.00 ; 49 ; 18732 ; 140101128378112 ; 271 ; 49 ; IAMIN
0.00 ; 50 ; 18733 ; 140315227518720 ; 12591 ; -1 ; IWANT
0.00 ; 50 ; 18732 ; 140101128378112 ; 12591 ; 50 ; IAMIN
0.00 ; 51 ; 18733 ; 140315227518720 ; 1318 ; -1 ; IWANT
0.00 ; 51 ; 18732 ; 140101136770816 ; 1318 ; 1 ; IAMIN
0.00 ; 52 ; 18733 ; 140315227518720 ; 7203 ; -1 ; IWANT
0.00 ; 52 ; 18732 ; 140101128378112 ; 7203 ; 3 ; IAMIN
0.00 ; 53 ; 18733 ; 140315227518720 ; 11331 ; -1 ; IWANT
0.00 ; 53 ; 18732 ; 140101128378112 ; 11331 ; 2 ; IAMIN
0.00 ; 54 ; 18733 ; 140315227518720 ; 735 ; -1 ; IWANT
0.00 ; 54 ; 18732 ; 140101136770816 ; 735 ; 5 ; IAMIN
0.00 ; 55 ; 18733 ; 140315227518720 ; 19997 ; -1 ; IWANT
0.00 ; 55 ; 18732 ; 140101128378112 ; 19997 ; 4 ; IAMIN
0.00 ; 56 ; 18733 ; 140315227518720 ; 2947 ; -1 ; IWANT
0.00 ; 56 ; 18732 ; 140101136770816 ; 2947 ; 6 ; IAMIN
0.00 ; 57 ; 18733 ; 140315227518720 ; 12293 ; -1 ; IWANT
0.00 ; 57 ; 18732 ; 140101128378112 ; 12293 ; 7 ; IAMIN
0.00 ; 58 ; 18733 ; 140315227518720 ; 11285 ; -1 ; IWANT
0.00 ; 58 ; 18732 ; 140101136770816 ; 11285 ; 8 ; IAMIN
0.00 ; 59 ; 18733 ; 140315227518720 ; 14100 ; -1 ; IWANT
0.00 ; 59 ; 18732 ; 140101128378112 ; 14100 ; 9 ; IAMIN
0.00 ; 60 ; 18733 ; 140315227518720 ; 2682 ; -1 ; IWANT
0.00 ; 60 ; 18732 ; 140101136770816 ; 2682 ; 10 ; IAMIN
0.00 ; 61 ; 18733 ; 140315227518720 ; 1606 ; -1 ; IWANT
0.00 ; 61 ; 18732 ; 140101128378112 ; 1606 ; 11 ; IAMIN
0.00 ; 62 ; 18733 ; 140315227518720 ; 13617 ; -1 ; IWANT
0.00 ; 62 ; 18732 ; 140101128378112 ; 13617 ; 12 ; IAMIN
0.00 ; 63 ; 18733 ; 140315227518720 ; 11619 ; -1 ; IWANT
0.00 ; 63 ; 18732 ; 140101136770816 ; 11619 ; 13 ; IAMIN
0.00 ; 64 ; 18733 ; 140315227518720 ; 10765 ; -1 ; IWANT
0.00 ; 64 ; 18732 ; 140101128378112 ; 10765 ; 14 ; IAMIN
0.00 ; 65 ; 18733 ; 140315227518720 ; 10760 ; -1 ; IWANT
0.00 ; 65 ; 18732 ; 140101136770816 ; 10760 ; 15 ; IAMIN
0.00 ; 66 ; 18733 ; 140315227518720 ; 18266 ; -1 ; IWANT
0.00 ; 66 ; 18732 ; 140101128378112 ; 18266 ; 16 ; IAMIN
0.00 ; 67 ; 18733 ; 140315227518720 ; 17210 ; -1 ; IWANT
0.00 ; 67 ; 18732 ; 140101136770816 ; 17210 ; 17 ; IAMIN
0.00 ; 68 ; 18733 ; 140315227518720 ; 1245 ; -1 ; IWANT
0.00 ; 68 ; 18732 ; 140101128378112 ; 1245 ; 18 ; IAMIN
0.00 ; 69 ; 18733 ; 140315227518720 ; 2923 ; -1 ; IWANT
0.00 ; 69 ; 18732 ; 140101136770816 ; 2923 ; 19 ; IAMIN
0.00 ; 70 ; 18733 ; 140315227518720 ; 13015 ; -1 ; IWANT
0.00 ; 70 ; 18732 ; 140101136770816 ; 13015 ; 20 ; IAMIN
0.00 ; 71 ; 18733 ; 140315227518720 ; 682 ; -1 ; IWANT
0.00 ; 71 ; 18732 ; 140101128378112 ; 682 ; 21 ; IAMIN
0.00 ; 72 ; 18733 ; 140315227518720 ; 17119 ; -1 ; IWANT
0.00 ; 72 ; 18732 ; 140101136770816 ; 17119 ; 22 ; IAMIN
0.00 ; 73 ; 18733 ; 140315227518720 ; 4453 ; -1 ; IWANT
0.00 ; 73 ; 18732 ; 140101128378112 ; 4453 ; 23 ; IAMIN
0.00 ; 74 ; 18733 ; 140315227518720 ; 7876 ; -1 ; IWANT
0.00 ; 74 ; 18732 ; 140101136770816 ; 7876 ; 24 ; IAMIN
0.00 ; 75 ; 18733 ; 140315227518720 ; 2850 ; -1 ; IWANT
0.00 ; 75 ; 18732 ; 140101136770816 ; 2850 ; 25 ; IAMIN
0.00 ; 76 ; 18733 ; 140315227518720 ; 245 ; -1 ; IWANT
0.00 ; 76 ; 18732 ; 140101136770816 ; 245 ; 26 ; IAMIN
0.00 ; 77 ; 18733 ; 140315227518720 ; 12752 ; -1 ; IWANT
0.00 ; 77 ; 18732 ; 140101136770816 ; 12752 ; 27 ; IAMIN
0.00 ; 78 ; 18733 ; 140315227518720 ; 373 ; -1 ; IWANT
0.00 ; 78 ; 18732 ; 140101128378112 ; 373 ; 28 ; IAMIN
0.00 ; 79 ; 18733 ; 140315227518720 ; 18723 ; -1 ; IWANT
0.00 ; 79 ; 18732 ; 140101136770816 ; 18723 ; 29 ; IAMIN
0.00 ; 80 ; 18733 ; 140315227518720 ; 9374 ; -1 ; IWANT
0.00 ; 80 ; 18732 ; 140101128378112 ; 9374 ; 30 ; IAMIN
0.00 ; 81 ; 18733 ; 140315227518720 ; 12963 ; -1 ; IWANT
0.00 ; 81 ; 18732 ; 140101128378112 ; 12963 ; 31 ; IAMIN
0.00 ; 82 ; 18733 ; 140315227518720 ; 40 ; -1 ; IWANT
0.00 ; 82 ; 18732 ; 140101136770816 ; 40 ; 32 ; IAMIN
0.00 ; 83 ; 18733 ; 140315227518720 ; 16576 ; -1 ; IWANT
0.00 ; 83 ; 18732 ; 140101128378112 ; 16576 ; 33 ; IAMIN
0.00 ; 84 ; 18733 ; 140315227518720 ; 4293 ; -1 ; IWANT
0.00 ; 84 ; 18732 ; 140101136770816 ; 4293 ; 34 ; IAMIN
0.00 ; 85 ; 18733 ; 140315227518720 ; 17126 ; -1 ; IWANT
0.00 ; 85 ; 18732 ; 140101128378112 ; 17126 ; 35 ; IAMIN
0.00 ; 86 ; 18733 ; 140315227518720 ; 12925 ; -1 ; IWANT
0.00 ; 86 ; 18732 ; 140101136770816 ; 12925 ; 36 ; IAMIN
0.00 ; 87 ; 18733 ; 140315227518720 ; 7240 ; -1 ; IWANT
0.00 ; 87 ; 18732 ; 140101128378112 ; 7240 ; 37 ; IAMIN
0.00 ; 88 ; 18733 ; 140315227518720 ; 9418 ; -1 ; IWANT
0.00 ; 88 ; 18732 ; 140101128378112 ; 9418 ; 38 ; IAMIN
0.00 ; 89 ; 18733 ; 140315227518720 ; 4209 ; -1 ; IWANT
0.00 ; 89 ; 18732 ; 140101128378112 ; 4209 ; 39 ; IAMIN
0.00 ; 90 ; 18733 ; 140315227518720 ; 1339 ; -1 ; IWANT
0.00 ; 90 ; 18732 ; 140101128378112 ; 1339 ; 40 ; IAMIN
0.00 ; 91 ; 18733 ; 140315227518720 ; 8451 ; -1 ; IWANT
0.00 ; 91 ; 18732 ; 140101128378112 ; 8451 ; 41 ; IAMIN
0.00 ; 92 ; 18733 ; 140315227518720 ; 2166 ; -1 ; IWANT
0.00 ; 92 ; 18732 ; 140101128378112 ; 2166 ; 42 ; IAMIN
0.00 ; 93 ; 18733 ; 140315227518720 ; 11307 ; -1 ; IWANT
0.00 ; 93 ; 18732 ; 140101128378112 ; 11307 ; 43 ; IAMIN
1.00 ; 94 ; 18733 ; 140315227518720 ; 70 ; -1 ; IWANT
1.00 ; 94 ; 18732 ; 140101136770816 ; 70 ; 44 ; IAMIN
1.00 ; 95 ; 18733 ; 140315227518720 ; 9282 ; -1 ; IWANT
1.00 ; 95 ; 18732 ; 140101128378112 ; 9282 ; 46 ; IAMIN
1.00 ; 96 ; 18733 ; 140315227518720 ; 18418 ; -1 ; IWANT
1.00 ; 96 ; 18732 ; 140101128378112 ; 18418 ; 45 ; IAMIN
1.00 ; 97 ; 18733 ; 140315227518720 ; 14687 ; -1 ; IWANT
1.00 ; 97 ; 18732 ; 140101136770816 ; 14687 ; 47 ; IAMIN
1.00 ; 98 ; 18733 ; 140315227518720 ; 6491 ; -1 ; IWANT
1.00 ; 98 ; 18732 ; 140101128378112 ; 6491 ; 48 ; IAMIN
1.00 ; 99 ; 18733 ; 140315227518720 ; 19662 ; -1 ; IWANT
1.00 ; 99 ; 18732 ; 140101128378112 ; 19662 ; 49 ; IAMIN
1.00 ; 100 ; 18733 ; 140315227518720 ; 13961 ; -1 ; IWANT
1.00 ; 100 ; 18732 ; 140101136770816 ; 13961 ; 1 ; IAMIN
1.00 ; 101 ; 18733 ; 140315227518720 ; 15857 ; -1 ; IWANT
1.00 ; 101 ; 18732 ; 140101128378112 ; 15857 ; 50 ; IAMIN
1.00 ; 102 ; 18733 ; 140315227518720 ; 16696 ; -1 ; IWANT
1.00 ; 102 ; 18732 ; 140101136770816 ; 16696 ; 3 ; IAMIN
1.00 ; 103 ; 18733 ; 140315227518720 ; 11079 ; -1 ; IWANT
1.00 ; 103 ; 18732 ; 140101128378112 ; 11079 ; 5 ; IAMIN
1.00 ; 104 ; 18733 ; 140315227518720 ; 309 ; -1 ; IWANT
1.00 ; 104 ; 18732 ; 140101136770816 ; 309 ; 2 ; IAMIN
1.00 ; 105 ; 18733 ; 140315227518720 ; 923 ; -1 ; IWANT
1.00 ; 105 ; 18732 ; 140101128378112 ; 923 ; 6 ; IAMIN
1.00 ; 106 ; 18733 ; 140315227518720 ; 10280 ; -1 ; IWANT
1.00 ; 106 ; 18732 ; 140101128378112 ; 10280 ; 4 ; IAMIN
1.00 ; 107 ; 18733 ; 140315227518720 ; 16906 ; -1 ; IWANT
1.00 ; 107 ; 18732 ; 140101136770816 ; 16906 ; 7 ; IAMIN
1.00 ; 108 ; 18733 ; 140315227518720 ; 10026 ; -1 ; IWANT
1.00 ; 108 ; 18732 ; 140101128378112 ; 10026 ; 8 ; IAMIN
1.00 ; 109 ; 18733 ; 140315227518720 ; 10652 ; -1 ; IWANT
1.00 ; 109 ; 18732 ; 140101136770816 ; 10652 ; 10 ; IAMIN
1.00 ; 110 ; 18733 ; 140315227518720 ; 15628 ; -1 ; IWANT
1.00 ; 110 ; 18732 ; 140101128378112 ; 15628 ; 9 ; IAMIN
1.00 ; 111 ; 18733 ; 140315227518720 ; 19399 ; -1 ; IWANT
1.00 ; 111 ; 18732 ; 140101136770816 ; 19399 ; 11 ; IAMIN
1.00 ; 112 ; 18733 ; 140315227518720 ; 19966 ; -1 ; IWANT
1.00 ; 112 ; 18732 ; 140101128378112 ; 19966 ; 12 ; IAMIN
1.00 ; 113 ; 18733 ; 140315227518720 ; 12019 ; -1 ; IWANT
1.00 ; 113 ; 18732 ; 140101136770816 ; 12019 ; 13 ; IAMIN
1.00 ; 114 ; 18733 ; 140315227518720 ; 12327 ; -1 ; IWANT
1.00 ; 114 ; 18732 ; 140101119985408 ; 12327 ; 14 ; IAMIN
1.00 ; 115 ; 18733 ; 140315227518720 ; 4258 ; -1 ; IWANT
1.00 ; 115 ; 18732 ; 140101136770816 ; 4258 ; 15 ; IAMIN
1.00 ; 116 ; 18733 ; 140315227518720 ; 9144 ; -1 ; IWANT
1.00 ; 116 ; 18732 ; 140101136770816 ; 9144 ; 16 ; IAMIN
1.00 ; 117 ; 18733 ; 140315227518720 ; 5251 ; -1 ; IWANT
1.00 ; 117 ; 18732 ; 140101136770816 ; 5251 ; 18 ; IAMIN
1.00 ; 118 ; 18733 ; 140315227518720 ; 7849 ; -1 ; IWANT
1.00 ; 118 ; 18732 ; 140101136770816 ; 7849 ; 17 ; IAMIN
1.00 ; 119 ; 18733 ; 140315227518720 ; 18562 ; -1 ; IWANT
1.00 ; 119 ; 18732 ; 140101136770816 ; 18562 ; 19 ; IAMIN
1.00 ; 120 ; 18733 ; 140315227518720 ; 5811 ; -1 ; IWANT
1.00 ; 120 ; 18732 ; 140101119985408 ; 5811 ; 21 ; IAMIN
1.00 ; 121 ; 18733 ; 140315227518720 ; 5539 ; -1 ; IWANT
1.00 ; 121 ; 18732 ; 140101136770816 ; 5539 ; 20 ; IAMIN
1.00 ; 122 ; 18733 ; 140315227518720 ; 3364 ; -1 ; IWANT
1.00 ; 122 ; 18732 ; 140101136770816 ; 3364 ; 23 ; IAMIN
1.00 ; 123 ; 18733 ; 140315227518720 ; 7976 ; -1 ; IWANT
1.00 ; 123 ; 18732 ; 140101136770816 ; 7976 ; 22 ; IAMIN
1.00 ; 124 ; 18733 ; 140315227518720 ; 13197 ; -1 ; IWANT
1.00 ; 124 ; 18732 ; 140101136770816 ; 13197 ; 24 ; IAMIN
1.00 ; 125 ; 18733 ; 140315227518720 ; 19785 ; -1 ; IWANT
1.00 ; 125 ; 18732 ; 140101119985408 ; 19785 ; 25 ; IAMIN
1.00 ; 126 ; 18733 ; 140315227518720 ; 13610 ; -1 ; IWANT
1.00 ; 126 ; 18732 ; 140101136770816 ; 13610 ; 26 ; IAMIN
1.00 ; 127 ; 18733 ; 140315227518720 ; 11615 ; -1 ; IWANT
1.00 ; 127 ; 18732 ; 140101119985408 ; 11615 ; 28 ; IAMIN
1.00 ; 128 ; 18733 ; 140315227518720 ; 14471 ; -1 ; IWANT
1.00 ; 128 ; 18732 ; 140101136770816 ; 14471 ; 27 ; IAMIN
1.00 ; 129 ; 18733 ; 140315227518720 ; 16452 ; -1 ; IWANT
1.00 ; 129 ; 18732 ; 140101119985408 ; 16452 ; 29 ; IAMIN
1.00 ; 130 ; 18733 ; 140315227518720 ; 11276 ; -1 ; IWANT
1.00 ; 130 ; 18732 ; 140101136770816 ; 11276 ; 30 ; IAMIN
1.00 ; 131 ; 18733 ; 140315227518720 ; 8431 ; -1 ; IWANT
1.00 ; 131 ; 18732 ; 140101119985408 ; 8431 ; 32 ; IAMIN
1.00 ; 132 ; 18733 ; 140315227518720 ; 12309 ; -1 ; IWANT
1.00 ; 132 ; 18732 ; 140101119985408 ; 12309 ; 31 ; IAMIN
1.00 ; 133 ; 18733 ; 140315227518720 ; 4323 ; -1 ; IWANT
1.00 ; 133 ; 18732 ; 140101136770816 ; 4323 ; 34 ; IAMIN
1.00 ; 134 ; 18733 ; 140315227518720 ; 15861 ; -1 ; IWANT
1.00 ; 134 ; 18732 ; 140101136770816 ; 15861 ; 33 ; IAMIN
1.00 ; 135 ; 18733 ; 140315227518720 ; 8969 ; -1 ; IWANT
1.00 ; 135 ; 18732 ; 140101119985408 ; 8969 ; 35 ; IAMIN
1.00 ; 136 ; 18733 ; 140315227518720 ; 5245 ; -1 ; IWANT
1.00 ; 136 ; 18732 ; 140101119985408 ; 5245 ; 36 ; IAMIN
1.00 ; 137 ; 18733 ; 140315227518720 ; 6140 ; -1 ; IWANT
1.00 ; 137 ; 18732 ; 140101119985408 ; 6140 ; 37 ; IAMIN
1.00 ; 138 ; 18733 ; 140315227518720 ; 5874 ; -1 ; IWANT
1.00 ; 138 ; 18732 ; 140101119985408 ; 5874 ; 38 ; IAMIN
1.00 ; 139 ; 18733 ; 140315227518720 ; 15270 ; -1 ; IWANT
1.00 ; 139 ; 18732 ; 140101119985408 ; 15270 ; 39 ; IAMIN
1.00 ; 140 ; 18733 ; 140315227518720 ; 13143 ; -1 ; IWANT
1.00 ; 140 ; 18732 ; 140101136770816 ; 13143 ; 40 ; IAMIN
1.00 ; 141 ; 18733 ; 140315227518720 ; 17853 ; -1 ; IWANT
1.00 ; 141 ; 18732 ; 140101119985408 ; 17853 ; 41 ; IAMIN
1.00 ; 142 ; 18733 ; 140315227518720 ; 14669 ; -1 ; IWANT
1.00 ; 142 ; 18732 ; 140101136770816 ; 14669 ; 42 ; IAMIN
1.00 ; 143 ; 18733 ; 140315227518720 ; 9460 ; -1 ; IWANT
1.00 ; 143 ; 18732 ; 140101119985408 ; 9460 ; 44 ; IAMIN
1.00 ; 144 ; 18733 ; 140315227518720 ; 9871 ; -1 ; IWANT
1.00 ; 144 ; 18732 ; 140101119985408 ; 9871 ; 43 ; IAMIN
1.00 ; 145 ; 18733 ; 140315227518720 ; 3347 ; -1 ; IWANT
1.00 ; 145 ; 18732 ; 140101119985408 ; 3347 ; 46 ; IAMIN
1.00 ; 146 ; 18733 ; 140315227518720 ; 10070 ; -1 ; IWANT
1.00 ; 146 ; 18732 ; 140101119985408 ; 10070 ; 45 ; IAMIN
1.00 ; 147 ; 18733 ; 140315227518720 ; 19015 ; -1 ; IWANT
1.00 ; 147 ; 18732 ; 140101136770816 ; 19015 ; 47 ; IAMIN
1.00 ; 148 ; 18733 ; 140315227518720 ; 8597 ; -1 ; IWANT
1.00 ; 148 ; 18732 ; 140101119985408 ; 8597 ; 48 ; IAMIN
1.00 ; 149 ; 18733 ; 140315227518720 ; 17918 ; -1 ; IWANT
1.00 ; 149 ; 18732 ; 140101136770816 ; 17918 ; 49 ; IAMIN
1.00 ; 150 ; 18733 ; 140315227518720 ; 13928 ; -1 ; IWANT
1.00 ; 150 ; 18732 ; 140101119985408 ; 13928 ; 1 ; IAMIN
1.00 ; 151 ; 18733 ; 140315227518720 ; 14407 ; -1 ; IWANT
1.00 ; 151 ; 18732 ; 140101136770816 ; 14407 ; 50 ; IAMIN
1.00 ; 152 ; 18733 ; 140315227518720 ; 19809 ; -1 ; IWANT
1.00 ; 152 ; 18732 ; 140101119985408 ; 19809 ; 3 ; IAMIN
1.00 ; 153 ; 18733 ; 140315227518720 ; 17291 ; -1 ; IWANT
1.00 ; 153 ; 18732 ; 140101136770816 ; 17291 ; 2 ; IAMIN
1.00 ; 154 ; 18733 ; 140315227518720 ; 18734 ; -1 ; IWANT
1.00 ; 154 ; 18732 ; 140101119985408 ; 18734 ; 5 ; IAMIN
1.00 ; 155 ; 18733 ; 140315227518720 ; 13005 ; -1 ; IWANT
1.00 ; 155 ; 18732 ; 140101136770816 ; 13005 ; 6 ; IAMIN
1.00 ; 156 ; 18733 ; 140315227518720 ; 13428 ; -1 ; IWANT
1.00 ; 156 ; 18732 ; 140101119985408 ; 13428 ; 4 ; IAMIN
1.00 ; 157 ; 18733 ; 140315227518720 ; 8695 ; -1 ; IWANT
1.00 ; 157 ; 18732 ; 140101136770816 ; 8695 ; 7 ; IAMIN
1.00 ; 158 ; 18733 ; 140315227518720 ; 4619 ; -1 ; IWANT
1.00 ; 158 ; 18732 ; 140101136770816 ; 4619 ; 8 ; IAMIN
1.00 ; 159 ; 18733 ; 140315227518720 ; 7898 ; -1 ; IWANT
1.00 ; 159 ; 18732 ; 140101136770816 ; 7898 ; 10 ; IAMIN
1.00 ; 160 ; 18733 ; 140315227518720 ; 5147 ; -1 ; IWANT
1.00 ; 160 ; 18732 ; 140101136770816 ; 5147 ; 9 ; IAMIN
1.00 ; 161 ; 18733 ; 140315227518720 ; 12247 ; -1 ; IWANT
1.00 ; 161 ; 18732 ; 140101136770816 ; 12247 ; 11 ; IAMIN
1.00 ; 162 ; 18733 ; 140315227518720 ; 16329 ; -1 ; IWANT
1.00 ; 162 ; 18732 ; 140101119985408 ; 16329 ; 12 ; IAMIN
1.00 ; 163 ; 18733 ; 140315227518720 ; 13807 ; -1 ; IWANT
1.00 ; 163 ; 18732 ; 140101136770816 ; 13807 ; 13 ; IAMIN
1.00 ; 164 ; 18733 ; 140315227518720 ; 16569 ; -1 ; IWANT
1.00 ; 164 ; 18732 ; 140101119985408 ; 16569 ; 14 ; IAMIN
1.00 ; 165 ; 18733 ; 140315227518720 ; 12189 ; -1 ; IWANT
1.00 ; 165 ; 18732 ; 140101136770816 ; 12189 ; 15 ; IAMIN
1.00 ; 166 ; 18733 ; 140315227518720 ; 2775 ; -1 ; IWANT
1.00 ; 166 ; 18732 ; 140101119985408 ; 2775 ; 16 ; IAMIN
1.00 ; 167 ; 18733 ; 140315227518720 ; 1814 ; -1 ; IWANT
1.00 ; 167 ; 18732 ; 140101119985408 ; 1814 ; 18 ; IAMIN
1.00 ; 168 ; 18733 ; 140315227518720 ; 14681 ; -1 ; IWANT
1.00 ; 168 ; 18732 ; 140101119985408 ; 14681 ; 17 ; IAMIN
1.00 ; 169 ; 18733 ; 140315227518720 ; 8649 ; -1 ; IWANT
1.00 ; 169 ; 18732 ; 140101136770816 ; 8649 ; 21 ; IAMIN
1.00 ; 170 ; 18733 ; 140315227518720 ; 17083 ; -1 ; IWANT
1.00 ; 170 ; 18732 ; 140101136770816 ; 17083 ; 19 ; IAMIN
1.00 ; 171 ; 18733 ; 140315227518720 ; 4175 ; -1 ; IWANT
1.00 ; 171 ; 18732 ; 140101119985408 ; 4175 ; 20 ; IAMIN
1.00 ; 172 ; 18733 ; 140315227518720 ; 2853 ; -1 ; IWANT
1.00 ; 172 ; 18732 ; 140101136770816 ; 2853 ; 23 ; IAMIN
1.00 ; 173 ; 18733 ; 140315227518720 ; 8103 ; -1 ; IWANT
1.00 ; 173 ; 18732 ; 140101136770816 ; 8103 ; 22 ; IAMIN
1.00 ; 174 ; 18733 ; 140315227518720 ; 13635 ; -1 ; IWANT
1.00 ; 174 ; 18732 ; 140101136770816 ; 13635 ; 24 ; IAMIN
1.00 ; 175 ; 18733 ; 140315227518720 ; 12724 ; -1 ; IWANT
1.00 ; 175 ; 18732 ; 140101119985408 ; 12724 ; 25 ; IAMIN
1.00 ; 176 ; 18733 ; 140315227518720 ; 11449 ; -1 ; IWANT
1.00 ; 176 ; 18732 ; 140101136770816 ; 11449 ; 26 ; IAMIN
1.00 ; 177 ; 18733 ; 140315227518720 ; 3704 ; -1 ; IWANT
1.00 ; 177 ; 18732 ; 140101119985408 ; 3704 ; 28 ; IAMIN
1.00 ; 178 ; 18733 ; 140315227518720 ; 11738 ; -1 ; IWANT
1.00 ; 178 ; 18732 ; 140101119985408 ; 11738 ; 27 ; IAMIN
1.00 ; 179 ; 18733 ; 140315227518720 ; 16397 ; -1 ; IWANT
1.00 ; 179 ; 18732 ; 140101136770816 ; 16397 ; 29 ; IAMIN
1.00 ; 180 ; 18733 ; 140315227518720 ; 17973 ; -1 ; IWANT
1.00 ; 180 ; 18732 ; 140101119985408 ; 17973 ; 30 ; IAMIN
1.00 ; 181 ; 18733 ; 140315227518720 ; 2017 ; -1 ; IWANT
1.00 ; 181 ; 18732 ; 140101136770816 ; 2017 ; 32 ; IAMIN
1.00 ; 182 ; 18733 ; 140315227518720 ; 7155 ; -1 ; IWANT
1.00 ; 182 ; 18732 ; 140101119985408 ; 7155 ; 31 ; IAMIN
1.00 ; 183 ; 18733 ; 140315227518720 ; 17781 ; -1 ; IWANT
1.00 ; 183 ; 18732 ; 140101119985408 ; 17781 ; 34 ; IAMIN
1.00 ; 184 ; 18733 ; 140315227518720 ; 15659 ; -1 ; IWANT
1.00 ; 184 ; 18732 ; 140101136770816 ; 15659 ; 33 ; IAMIN
1.00 ; 185 ; 18733 ; 140315227518720 ; 2241 ; -1 ; IWANT
1.00 ; 185 ; 18732 ; 140101119985408 ; 2241 ; 35 ; IAMIN
1.00 ; 186 ; 18733 ; 140315227518720 ; 10786 ; -1 ; IWANT
1.00 ; 186 ; 18732 ; 140101136770816 ; 10786 ; 36 ; IAMIN
1.00 ; 187 ; 18733 ; 140315227518720 ; 9086 ; -1 ; IWANT
1.00 ; 187 ; 18732 ; 140101119985408 ; 9086 ; 37 ; IAMIN
1.00 ; 188 ; 18733 ; 140315227518720 ; 10935 ; -1 ; IWANT
1.00 ; 188 ; 18732 ; 140101119985408 ; 10935 ; 38 ; IAMIN
1.00 ; 189 ; 18733 ; 140315227518720 ; 15404 ; -1 ; IWANT
1.00 ; 189 ; 18732 ; 140101136770816 ; 15404 ; 39 ; IAMIN
1.00 ; 190 ; 18733 ; 140315227518720 ; 16984 ; -1 ; IWANT
1.00 ; 190 ; 18732 ; 140101119985408 ; 16984 ; 40 ; IAMIN
1.00 ; 191 ; 18733 ; 140315227518720 ; 16081 ; -1 ; IWANT
1.00 ; 191 ; 18732 ; 140101136770816 ; 16081 ; 41 ; IAMIN
1.00 ; 192 ; 18733 ; 140315227518720 ; 4002 ; -1 ; IWANT
1.00 ; 192 ; 18732 ; 140101119985408 ; 4002 ; 42 ; IAMIN
2.00 ; 193 ; 18733 ; 140315227518720 ; 9664 ; -1 ; IWANT
2.00 ; 193 ; 18732 ; 140101136770816 ; 9664 ; 44 ; IAMIN
2.00 ; 194 ; 18733 ; 140315227518720 ; 9887 ; -1 ; IWANT
2.00 ; 194 ; 18732 ; 140101136770816 ; 9887 ; 43 ; IAMIN
2.00 ; 195 ; 18733 ; 140315227518720 ; 571 ; -1 ; IWANT
2.00 ; 195 ; 18732 ; 140101136770816 ; 571 ; 46 ; IAMIN
2.00 ; 196 ; 18733 ; 140315227518720 ; 1852 ; -1 ; IWANT
2.00 ; 196 ; 18732 ; 140101136770816 ; 1852 ; 45 ; IAMIN
2.00 ; 197 ; 18733 ; 140315227518720 ; 9014 ; -1 ; IWANT
2.00 ; 197 ; 18732 ; 140101136770816 ; 9014 ; 48 ; IAMIN
2.00 ; 198 ; 18733 ; 140315227518720 ; 2384 ; -1 ; IWANT
2.00 ; 198 ; 18732 ; 140101136770816 ; 2384 ; 47 ; IAMIN
2.00 ; 199 ; 18733 ; 140315227518720 ; 12884 ; -1 ; IWANT
2.00 ; 199 ; 18732 ; 140101136770816 ; 12884 ; 49 ; IAMIN
2.00 ; 200 ; 18733 ; 140315227518720 ; 14014 ; -1 ; IWANT
2.00 ; 200 ; 18732 ; 140101119985408 ; 14014 ; 1 ; IAMIN
2.00 ; 201 ; 18733 ; 140315227518720 ; 15818 ; -1 ; IWANT
2.00 ; 201 ; 18732 ; 140101136770816 ; 15818 ; 50 ; IAMIN
2.00 ; 202 ; 18733 ; 140315227518720 ; 17059 ; -1 ; IWANT
2.00 ; 202 ; 18732 ; 140101119985408 ; 17059 ; 3 ; IAMIN
2.00 ; 203 ; 18733 ; 140315227518720 ; 16866 ; -1 ; IWANT
2.00 ; 203 ; 18732 ; 140101136770816 ; 16866 ; 2 ; IAMIN
2.00 ; 204 ; 18733 ; 140315227518720 ; 273 ; -1 ; IWANT
2.00 ; 204 ; 18732 ; 140101119985408 ; 273 ; 5 ; IAMIN
2.00 ; 205 ; 18733 ; 140315227518720 ; 7045 ; -1 ; IWANT
2.00 ; 205 ; 18732 ; 140101136770816 ; 7045 ; 6 ; IAMIN
2.00 ; 206 ; 18733 ; 140315227518720 ; 9589 ; -1 ; IWANT
2.00 ; 206 ; 18732 ; 140101136770816 ; 9589 ; 4 ; IAMIN
2.00 ; 207 ; 18733 ; 140315227518720 ; 8073 ; -1 ; IWANT
2.00 ; 207 ; 18732 ; 140101136770816 ; 8073 ; 7 ; IAMIN
2.00 ; 208 ; 18733 ; 140315227518720 ; 7100 ; -1 ; IWANT
2.00 ; 208 ; 18732 ; 140101136770816 ; 7100 ; 8 ; IAMIN
2.00 ; 209 ; 18733 ; 140315227518720 ; 17678 ; -1 ; IWANT
2.00 ; 209 ; 18732 ; 140101136770816 ; 17678 ; 10 ; IAMIN
2.00 ; 210 ; 18733 ; 140315227518720 ; 822 ; -1 ; IWANT
2.00 ; 210 ; 18732 ; 140101119985408 ; 822 ; 9 ; IAMIN
2.00 ; 211 ; 18733 ; 140315227518720 ; 5072 ; -1 ; IWANT
2.00 ; 211 ; 18732 ; 140101136770816 ; 5072 ; 11 ; IAMIN
2.00 ; 212 ; 18733 ; 140315227518720 ; 19694 ; -1 ; IWANT
2.00 ; 212 ; 18732 ; 140101136770816 ; 19694 ; 12 ; IAMIN
2.00 ; 213 ; 18733 ; 140315227518720 ; 7976 ; -1 ; IWANT
2.00 ; 213 ; 18732 ; 140101119985408 ; 7976 ; 13 ; IAMIN
2.00 ; 214 ; 18733 ; 140315227518720 ; 19205 ; -1 ; IWANT
2.00 ; 214 ; 18732 ; 140101136770816 ; 19205 ; 14 ; IAMIN
2.00 ; 215 ; 18733 ; 140315227518720 ; 15353 ; -1 ; IWANT
2.00 ; 215 ; 18732 ; 140101119985408 ; 15353 ; 15 ; IAMIN
2.00 ; 216 ; 18733 ; 140315227518720 ; 10216 ; -1 ; IWANT
2.00 ; 216 ; 18732 ; 140101136770816 ; 10216 ; 16 ; IAMIN
2.00 ; 217 ; 18733 ; 140315227518720 ; 9990 ; -1 ; IWANT
2.00 ; 217 ; 18732 ; 140101119985408 ; 9990 ; 18 ; IAMIN
2.00 ; 218 ; 18733 ; 140315227518720 ; 790 ; -1 ; IWANT
2.00 ; 218 ; 18732 ; 140101136770816 ; 790 ; 17 ; IAMIN
2.00 ; 219 ; 18733 ; 140315227518720 ; 17503 ; -1 ; IWANT
2.00 ; 219 ; 18732 ; 140101136770816 ; 17503 ; 21 ; IAMIN
2.00 ; 220 ; 18733 ; 140315227518720 ; 1745 ; -1 ; IWANT
2.00 ; 220 ; 18732 ; 140101119985408 ; 1745 ; 20 ; IAMIN
2.00 ; 221 ; 18733 ; 140315227518720 ; 17773 ; -1 ; IWANT
2.00 ; 221 ; 18732 ; 140101136770816 ; 17773 ; 19 ; IAMIN
2.00 ; 222 ; 18733 ; 140315227518720 ; 13583 ; -1 ; IWANT
2.00 ; 222 ; 18732 ; 140101119985408 ; 13583 ; 23 ; IAMIN
2.00 ; 223 ; 18733 ; 140315227518720 ; 5747 ; -1 ; IWANT
2.00 ; 223 ; 18732 ; 140101136770816 ; 5747 ; 22 ; IAMIN
2.00 ; 224 ; 18733 ; 140315227518720 ; 7436 ; -1 ; IWANT
2.00 ; 224 ; 18732 ; 140101136770816 ; 7436 ; 24 ; IAMIN
2.00 ; 225 ; 18733 ; 140315227518720 ; 19822 ; -1 ; IWANT
2.00 ; 225 ; 18732 ; 140101136770816 ; 19822 ; 25 ; IAMIN
2.00 ; 226 ; 18733 ; 140315227518720 ; 2669 ; -1 ; IWANT
2.00 ; 226 ; 18732 ; 140101119985408 ; 2669 ; 26 ; IAMIN
2.00 ; 227 ; 18733 ; 140315227518720 ; 5640 ; -1 ; IWANT
2.00 ; 227 ; 18732 ; 140101136770816 ; 5640 ; 28 ; IAMIN
2.00 ; 228 ; 18733 ; 140315227518720 ; 5187 ; -1 ; IWANT
2.00 ; 228 ; 18732 ; 140101136770816 ; 5187 ; 27 ; IAMIN
2.00 ; 229 ; 18733 ; 140315227518720 ; 1404 ; -1 ; IWANT
2.00 ; 229 ; 18732 ; 140101136770816 ; 1404 ; 29 ; IAMIN
2.00 ; 230 ; 18733 ; 140315227518720 ; 18523 ; -1 ; IWANT
2.00 ; 230 ; 18732 ; 140101136770816 ; 18523 ; 32 ; IAMIN
2.00 ; 231 ; 18733 ; 140315227518720 ; 19200 ; -1 ; IWANT
2.00 ; 231 ; 18732 ; 140101119985408 ; 19200 ; 30 ; IAMIN
2.00 ; 232 ; 18733 ; 140315227518720 ; 17221 ; -1 ; IWANT
2.00 ; 232 ; 18732 ; 140101136770816 ; 17221 ; 31 ; IAMIN
2.00 ; 233 ; 18733 ; 140315227518720 ; 11933 ; -1 ; IWANT
2.00 ; 233 ; 18732 ; 140101119985408 ; 11933 ; 34 ; IAMIN
2.00 ; 234 ; 18733 ; 140315227518720 ; 12417 ; -1 ; IWANT
2.00 ; 234 ; 18732 ; 140101136770816 ; 12417 ; 35 ; IAMIN
2.00 ; 235 ; 18733 ; 140315227518720 ; 13845 ; -1 ; IWANT
2.00 ; 235 ; 18732 ; 140101119985408 ; 13845 ; 33 ; IAMIN
2.00 ; 236 ; 18733 ; 140315227518720 ; 18977 ; -1 ; IWANT
2.00 ; 236 ; 18732 ; 140101136770816 ; 18977 ; 36 ; IAMIN
2.00 ; 237 ; 18733 ; 140315227518720 ; 2006 ; -1 ; IWANT
2.00 ; 237 ; 18732 ; 140101119985408 ; 2006 ; 37 ; IAMIN
2.00 ; 238 ; 18733 ; 140315227518720 ; 1918 ; -1 ; IWANT
2.00 ; 238 ; 18732 ; 140101136770816 ; 1918 ; 38 ; IAMIN
2.00 ; 239 ; 18733 ; 140315227518720 ; 6076 ; -1 ; IWANT
2.00 ; 239 ; 18732 ; 140101136770816 ; 6076 ; 39 ; IAMIN
2.00 ; 240 ; 18733 ; 140315227518720 ; 16035 ; -1 ; IWANT
2.00 ; 240 ; 18732 ; 140101136770816 ; 16035 ; 40 ; IAMIN
2.00 ; 241 ; 18733 ; 140315227518720 ; 19091 ; -1 ; IWANT
2.00 ; 241 ; 18732 ; 140101119985408 ; 19091 ; 42 ; IAMIN
2.00 ; 242 ; 18733 ; 140315227518720 ; 7500 ; -1 ; IWANT
2.00 ; 242 ; 18732 ; 140101136770816 ; 7500 ; 41 ; IAMIN
2.00 ; 243 ; 18733 ; 140315227518720 ; 15729 ; -1 ; IWANT
2.00 ; 243 ; 18732 ; 140101119985408 ; 15729 ; 44 ; IAMIN
2.00 ; 244 ; 18733 ; 140315227518720 ; 7066 ; -1 ; IWANT
2.00 ; 244 ; 18732 ; 140101136770816 ; 7066 ; 43 ; IAMIN
2.00 ; 245 ; 18733 ; 140315227518720 ; 6704 ; -1 ; IWANT
2.00 ; 245 ; 18732 ; 140101136770816 ; 6704 ; 46 ; IAMIN
2.00 ; 246 ; 18733 ; 140315227518720 ; 7433 ; -1 ; IWANT
2.00 ; 246 ; 18732 ; 140101136770816 ; 7433 ; 45 ; IAMIN
2.00 ; 247 ; 18733 ; 140315227518720 ; 13634 ; -1 ; IWANT
2.00 ; 247 ; 18732 ; 140101136770816 ; 13634 ; 48 ; IAMIN
2.00 ; 248 ; 18733 ; 140315227518720 ; 13045 ; -1 ; IWANT
2.00 ; 248 ; 18732 ; 140101119985408 ; 13045 ; 47 ; IAMIN
2.00 ; 249 ; 18733 ; 140315227518720 ; 4574 ; -1 ; IWANT
2.00 ; 249 ; 18732 ; 140101136770816 ; 4574 ; 49 ; IAMIN
2.00 ; 250 ; 18733 ; 140315227518720 ; 11136 ; -1 ; IWANT
2.00 ; 250 ; 18732 ; 140101136770816 ; 11136 ; 1 ; IAMIN
2.00 ; 251 ; 18733 ; 140315227518720 ; 11141 ; -1 ; IWANT
2.00 ; 251 ; 18732 ; 140101119985408 ; 11141 ; 50 ; IAMIN
2.00 ; 252 ; 18733 ; 140315227518720 ; 18699 ; -1 ; IWANT
2.00 ; 252 ; 18732 ; 140101136770816 ; 18699 ; 3 ; IAMIN
2.00 ; 253 ; 18733 ; 140315227518720 ; 1070 ; -1 ; IWANT
2.00 ; 253 ; 18732 ; 140101119985408 ; 1070 ; 5 ; IAMIN
2.00 ; 254 ; 18733 ; 140315227518720 ; 13239 ; -1 ; IWANT
2.00 ; 254 ; 18732 ; 140101136770816 ; 13239 ; 2 ; IAMIN
2.00 ; 255 ; 18733 ; 140315227518720 ; 2486 ; -1 ; IWANT
2.00 ; 255 ; 18732 ; 140101119985408 ; 2486 ; 6 ; IAMIN
2.00 ; 256 ; 18733 ; 140315227518720 ; 17243 ; -1 ; IWANT
2.00 ; 256 ; 18732 ; 140101136770816 ; 17243 ; 4 ; IAMIN
2.00 ; 257 ; 18733 ; 140315227518720 ; 15907 ; -1 ; IWANT
2.00 ; 257 ; 18732 ; 140101119985408 ; 15907 ; 7 ; IAMIN
2.00 ; 258 ; 18733 ; 140315227518720 ; 8125 ; -1 ; IWANT
2.00 ; 258 ; 18732 ; 140101136770816 ; 8125 ; 8 ; IAMIN
2.00 ; 259 ; 18733 ; 140315227518720 ; 2429 ; -1 ; IWANT
2.00 ; 259 ; 18732 ; 140101136770816 ; 2429 ; 9 ; IAMIN
2.00 ; 260 ; 18733 ; 140315227518720 ; 17310 ; -1 ; IWANT
2.00 ; 260 ; 18732 ; 140101136770816 ; 17310 ; 10 ; IAMIN
2.00 ; 261 ; 18733 ; 140315227518720 ; 3000 ; -1 ; IWANT
2.00 ; 261 ; 18732 ; 140101119985408 ; 3000 ; 11 ; IAMIN
2.00 ; 262 ; 18733 ; 140315227518720 ; 17980 ; -1 ; IWANT
2.00 ; 262 ; 18732 ; 140101136770816 ; 17980 ; 13 ; IAMIN
2.00 ; 263 ; 18733 ; 140315227518720 ; 10883 ; -1 ; IWANT
2.00 ; 263 ; 18732 ; 140101119985408 ; 10883 ; 12 ; IAMIN
2.00 ; 264 ; 18733 ; 140315227518720 ; 11284 ; -1 ; IWANT
2.00 ; 264 ; 18732 ; 140101136770816 ; 11284 ; 14 ; IAMIN
2.00 ; 265 ; 18733 ; 140315227518720 ; 10397 ; -1 ; IWANT
2.00 ; 265 ; 18732 ; 140101119985408 ; 10397 ; 15 ; IAMIN
2.00 ; 266 ; 18733 ; 140315227518720 ; 1079 ; -1 ; IWANT
2.00 ; 266 ; 18732 ; 140101136770816 ; 1079 ; 16 ; IAMIN
2.00 ; 267 ; 18733 ; 140315227518720 ; 10261 ; -1 ; IWANT
2.00 ; 267 ; 18732 ; 140101136770816 ; 10261 ; 18 ; IAMIN
2.00 ; 268 ; 18733 ; 140315227518720 ; 8754 ; -1 ; IWANT
2.00 ; 268 ; 18732 ; 140101119985408 ; 8754 ; 17 ; IAMIN
2.00 ; 269 ; 18733 ; 140315227518720 ; 19348 ; -1 ; IWANT
2.00 ; 269 ; 18732 ; 140101119985408 ; 19348 ; 20 ; IAMIN
2.00 ; 270 ; 18733 ; 140315227518720 ; 12688 ; -1 ; IWANT
2.00 ; 270 ; 18732 ; 140101136770816 ; 12688 ; 21 ; IAMIN
2.00 ; 271 ; 18733 ; 140315227518720 ; 4788 ; -1 ; IWANT
2.00 ; 271 ; 18732 ; 140101119985408 ; 4788 ; 19 ; IAMIN
2.00 ; 272 ; 18733 ; 140315227518720 ; 18438 ; -1 ; IWANT
2.00 ; 272 ; 18732 ; 140101119985408 ; 18438 ; 23 ; IAMIN
2.00 ; 273 ; 18733 ; 140315227518720 ; 187 ; -1 ; IWANT
2.00 ; 273 ; 18732 ; 140101136770816 ; 187 ; 22 ; IAMIN
2.00 ; 274 ; 18733 ; 140315227518720 ; 16868 ; -1 ; IWANT
2.00 ; 274 ; 18732 ; 140101119985408 ; 16868 ; 24 ; IAMIN
2.00 ; 275 ; 18733 ; 140315227518720 ; 1856 ; -1 ; IWANT
2.00 ; 275 ; 18732 ; 140101136770816 ; 1856 ; 26 ; IAMIN
2.00 ; 276 ; 18733 ; 140315227518720 ; 3242 ; -1 ; IWANT
2.00 ; 276 ; 18732 ; 140101119985408 ; 3242 ; 25 ; IAMIN
2.00 ; 277 ; 18733 ; 140315227518720 ; 652 ; -1 ; IWANT
2.00 ; 277 ; 18732 ; 140101119985408 ; 652 ; 28 ; IAMIN
2.00 ; 278 ; 18733 ; 140315227518720 ; 15489 ; -1 ; IWANT
2.00 ; 278 ; 18732 ; 140101119985408 ; 15489 ; 27 ; IAMIN
2.00 ; 279 ; 18733 ; 140315227518720 ; 16286 ; -1 ; IWANT
2.00 ; 279 ; 18732 ; 140101136770816 ; 16286 ; 29 ; IAMIN
2.00 ; 280 ; 18733 ; 140315227518720 ; 1578 ; -1 ; IWANT
2.00 ; 280 ; 18732 ; 140101119985408 ; 1578 ; 32 ; IAMIN
2.00 ; 281 ; 18733 ; 140315227518720 ; 6624 ; -1 ; IWANT
2.00 ; 281 ; 18732 ; 140101136770816 ; 6624 ; 30 ; IAMIN
2.00 ; 282 ; 18733 ; 140315227518720 ; 3779 ; -1 ; IWANT
2.00 ; 282 ; 18732 ; 140101136770816 ; 3779 ; 31 ; IAMIN
2.00 ; 283 ; 18733 ; 140315227518720 ; 276 ; -1 ; IWANT
2.00 ; 283 ; 18732 ; 140101136770816 ; 276 ; 34 ; IAMIN
2.00 ; 284 ; 18733 ; 140315227518720 ; 4045 ; -1 ; IWANT
2.00 ; 284 ; 18732 ; 140101136770816 ; 4045 ; 35 ; IAMIN
2.00 ; 285 ; 18733 ; 140315227518720 ; 17017 ; -1 ; IWANT
2.00 ; 285 ; 18732 ; 140101136770816 ; 17017 ; 33 ; IAMIN
2.00 ; 286 ; 18733 ; 140315227518720 ; 2761 ; -1 ; IWANT
2.00 ; 286 ; 18732 ; 140101119985408 ; 2761 ; 37 ; IAMIN
2.00 ; 287 ; 18733 ; 140315227518720 ; 1288 ; -1 ; IWANT
2.00 ; 287 ; 18732 ; 140101136770816 ; 1288 ; 36 ; IAMIN
2.00 ; 288 ; 18733 ; 140315227518720 ; 9276 ; -1 ; IWANT
2.00 ; 288 ; 18732 ; 140101136770816 ; 9276 ; 38 ; IAMIN
2.00 ; 289 ; 18733 ; 140315227518720 ; 7238 ; -1 ; IWANT
2.00 ; 289 ; 18732 ; 140101136770816 ; 7238 ; 39 ; IAMIN
2.00 ; 290 ; 18733 ; 140315227518720 ; 68 ; -1 ; IWANT
2.00 ; 290 ; 18732 ; 140101136770816 ; 68 ; 40 ; IAMIN
2.00 ; 291 ; 18733 ; 140315227518720 ; 2937 ; -1 ; IWANT
2.00 ; 291 ; 18732 ; 140101136770816 ; 2937 ; 41 ; IAMIN
3.00 ; 292 ; 18733 ; 140315227518720 ; 10237 ; -1 ; IWANT
3.00 ; 292 ; 18732 ; 140101136770816 ; 10237 ; 42 ; IAMIN
3.00 ; 293 ; 18733 ; 140315227518720 ; 14400 ; -1 ; IWANT
3.00 ; 293 ; 18732 ; 140101119985408 ; 14400 ; 44 ; IAMIN
3.00 ; 294 ; 18733 ; 140315227518720 ; 10171 ; -1 ; IWANT
3.00 ; 294 ; 18732 ; 140101136770816 ; 10171 ; 43 ; IAMIN
3.00 ; 295 ; 18733 ; 140315227518720 ; 1520 ; -1 ; IWANT
3.00 ; 295 ; 18732 ; 140101119985408 ; 1520 ; 46 ; IAMIN
3.00 ; 296 ; 18733 ; 140315227518720 ; 4796 ; -1 ; IWANT
3.00 ; 296 ; 18732 ; 140101119985408 ; 4796 ; 45 ; IAMIN
3.00 ; 297 ; 18733 ; 140315227518720 ; 11250 ; -1 ; IWANT
3.00 ; 297 ; 18732 ; 140101119985408 ; 11250 ; 48 ; IAMIN
3.00 ; 298 ; 18733 ; 140315227518720 ; 8132 ; -1 ; IWANT
3.00 ; 298 ; 18732 ; 140101136770816 ; 8132 ; 47 ; IAMIN
3.00 ; 299 ; 18733 ; 140315227518720 ; 9901 ; -1 ; IWANT
3.00 ; 299 ; 18732 ; 140101136770816 ; 9901 ; 49 ; IAMIN
3.00 ; 300 ; 18733 ; 140315227518720 ; 6949 ; -1 ; IWANT
3.00 ; 300 ; 18732 ; 140101119985408 ; 6949 ; 1 ; IAMIN
3.00 ; 301 ; 18733 ; 140315227518720 ; 820 ; -1 ; IWANT
3.00 ; 301 ; 18732 ; 140101119985408 ; 820 ; 50 ; IAMIN
3.00 ; 302 ; 18733 ; 140315227518720 ; 11040 ; -1 ; IWANT
3.00 ; 302 ; 18732 ; 140101119985408 ; 11040 ; 5 ; IAMIN
3.00 ; 303 ; 18733 ; 140315227518720 ; 5387 ; -1 ; IWANT
3.00 ; 303 ; 18732 ; 140101136770816 ; 5387 ; 3 ; IAMIN
3.00 ; 304 ; 18733 ; 140315227518720 ; 17358 ; -1 ; IWANT
3.00 ; 304 ; 18732 ; 140101136770816 ; 17358 ; 6 ; IAMIN
3.00 ; 305 ; 18733 ; 140315227518720 ; 4260 ; -1 ; IWANT
3.00 ; 305 ; 18732 ; 140101119985408 ; 4260 ; 2 ; IAMIN
3.00 ; 306 ; 18733 ; 140315227518720 ; 7242 ; -1 ; IWANT
3.00 ; 306 ; 18732 ; 140101136770816 ; 7242 ; 4 ; IAMIN
3.00 ; 307 ; 18733 ; 140315227518720 ; 600 ; -1 ; IWANT
3.00 ; 307 ; 18732 ; 140101136770816 ; 600 ; 7 ; IAMIN
3.00 ; 308 ; 18733 ; 140315227518720 ; 1263 ; -1 ; IWANT
3.00 ; 308 ; 18732 ; 140101136770816 ; 1263 ; 8 ; IAMIN
3.00 ; 309 ; 18733 ; 140315227518720 ; 19082 ; -1 ; IWANT
3.00 ; 309 ; 18732 ; 140101136770816 ; 19082 ; 9 ; IAMIN
3.00 ; 310 ; 18733 ; 140315227518720 ; 13237 ; -1 ; IWANT
3.00 ; 310 ; 18732 ; 140101119985408 ; 13237 ; 11 ; IAMIN
3.00 ; 311 ; 18733 ; 140315227518720 ; 2840 ; -1 ; IWANT
3.00 ; 311 ; 18732 ; 140101136770816 ; 2840 ; 10 ; IAMIN
3.00 ; 312 ; 18733 ; 140315227518720 ; 2057 ; -1 ; IWANT
3.00 ; 312 ; 18732 ; 140101119985408 ; 2057 ; 13 ; IAMIN
3.00 ; 313 ; 18733 ; 140315227518720 ; 17015 ; -1 ; IWANT
3.00 ; 313 ; 18732 ; 140101119985408 ; 17015 ; 12 ; IAMIN
3.00 ; 314 ; 18733 ; 140315227518720 ; 19467 ; -1 ; IWANT
3.00 ; 314 ; 18732 ; 140101136770816 ; 19467 ; 14 ; IAMIN
3.00 ; 315 ; 18733 ; 140315227518720 ; 6101 ; -1 ; IWANT
3.00 ; 315 ; 18732 ; 140101119985408 ; 6101 ; 15 ; IAMIN
3.00 ; 316 ; 18733 ; 140315227518720 ; 10384 ; -1 ; IWANT
3.00 ; 316 ; 18732 ; 140101136770816 ; 10384 ; 16 ; IAMIN
3.00 ; 317 ; 18733 ; 140315227518720 ; 2228 ; -1 ; IWANT
3.00 ; 317 ; 18732 ; 140101119985408 ; 2228 ; 18 ; IAMIN
3.00 ; 318 ; 18733 ; 140315227518720 ; 3740 ; -1 ; IWANT
3.00 ; 318 ; 18732 ; 140101119985408 ; 3740 ; 17 ; IAMIN
3.00 ; 319 ; 18733 ; 140315227518720 ; 19659 ; -1 ; IWANT
3.00 ; 319 ; 18732 ; 140101119985408 ; 19659 ; 20 ; IAMIN
3.00 ; 320 ; 18733 ; 140315227518720 ; 9465 ; -1 ; IWANT
3.00 ; 320 ; 18732 ; 140101136770816 ; 9465 ; 21 ; IAMIN
3.00 ; 321 ; 18733 ; 140315227518720 ; 160 ; -1 ; IWANT
3.00 ; 321 ; 18732 ; 140101136770816 ; 160 ; 19 ; IAMIN
3.00 ; 322 ; 18733 ; 140315227518720 ; 2595 ; -1 ; IWANT
3.00 ; 322 ; 18732 ; 140101136770816 ; 2595 ; 22 ; IAMIN
3.00 ; 323 ; 18733 ; 140315227518720 ; 16053 ; -1 ; IWANT
3.00 ; 323 ; 18732 ; 140101136770816 ; 16053 ; 23 ; IAMIN
3.00 ; 324 ; 18733 ; 140315227518720 ; 14559 ; -1 ; IWANT
3.00 ; 324 ; 18732 ; 140101119985408 ; 14559 ; 26 ; IAMIN
3.00 ; 325 ; 18733 ; 140315227518720 ; 9118 ; -1 ; IWANT
3.00 ; 325 ; 18732 ; 140101136770816 ; 9118 ; 24 ; IAMIN
3.00 ; 326 ; 18733 ; 140315227518720 ; 13924 ; -1 ; IWANT
3.00 ; 326 ; 18732 ; 140101136770816 ; 13924 ; 25 ; IAMIN
3.00 ; 327 ; 18733 ; 140315227518720 ; 15706 ; -1 ; IWANT
3.00 ; 327 ; 18732 ; 140101119985408 ; 15706 ; 28 ; IAMIN
3.00 ; 328 ; 18733 ; 140315227518720 ; 16719 ; -1 ; IWANT
3.00 ; 328 ; 18732 ; 140101136770816 ; 16719 ; 27 ; IAMIN
3.00 ; 329 ; 18733 ; 140315227518720 ; 18408 ; -1 ; IWANT
3.00 ; 329 ; 18732 ; 140101119985408 ; 18408 ; 32 ; IAMIN
3.00 ; 330 ; 18733 ; 140315227518720 ; 5606 ; -1 ; IWANT
3.00 ; 330 ; 18732 ; 140101136770816 ; 5606 ; 29 ; IAMIN
3.00 ; 331 ; 18733 ; 140315227518720 ; 3667 ; -1 ; IWANT
3.00 ; 331 ; 18732 ; 140101119985408 ; 3667 ; 30 ; IAMIN
3.00 ; 332 ; 18733 ; 140315227518720 ; 19227 ; -1 ; IWANT
3.00 ; 332 ; 18732 ; 140101119985408 ; 19227 ; 31 ; IAMIN
3.00 ; 333 ; 18733 ; 140315227518720 ; 12997 ; -1 ; IWANT
3.00 ; 333 ; 18732 ; 140101136770816 ; 12997 ; 34 ; IAMIN
3.00 ; 334 ; 18733 ; 140315227518720 ; 5405 ; -1 ; IWANT
3.00 ; 334 ; 18732 ; 140101119985408 ; 5405 ; 35 ; IAMIN
3.00 ; 335 ; 18733 ; 140315227518720 ; 12936 ; -1 ; IWANT
3.00 ; 335 ; 18732 ; 140101119985408 ; 12936 ; 37 ; IAMIN
3.00 ; 336 ; 18733 ; 140315227518720 ; 13608 ; -1 ; IWANT
3.00 ; 336 ; 18732 ; 140101136770816 ; 13608 ; 33 ; IAMIN
3.00 ; 337 ; 18733 ; 140315227518720 ; 8998 ; -1 ; IWANT
3.00 ; 337 ; 18732 ; 140101119985408 ; 8998 ; 36 ; IAMIN
3.00 ; 338 ; 18733 ; 140315227518720 ; 13535 ; -1 ; IWANT
3.00 ; 338 ; 18732 ; 140101119985408 ; 13535 ; 38 ; IAMIN
3.00 ; 339 ; 18733 ; 140315227518720 ; 14871 ; -1 ; IWANT
3.00 ; 339 ; 18732 ; 140101136770816 ; 14871 ; 39 ; IAMIN
3.00 ; 340 ; 18733 ; 140315227518720 ; 8079 ; -1 ; IWANT
3.00 ; 340 ; 18732 ; 140101119985408 ; 8079 ; 40 ; IAMIN
3.00 ; 341 ; 18733 ; 140315227518720 ; 6772 ; -1 ; IWANT
3.00 ; 341 ; 18732 ; 140101119985408 ; 6772 ; 41 ; IAMIN
3.00 ; 342 ; 18733 ; 140315227518720 ; 14062 ; -1 ; IWANT
3.00 ; 342 ; 18732 ; 140101119985408 ; 14062 ; 42 ; IAMIN
3.00 ; 343 ; 18733 ; 140315227518720 ; 10135 ; -1 ; IWANT
3.00 ; 343 ; 18732 ; 140101136770816 ; 10135 ; 44 ; IAMIN
3.00 ; 344 ; 18733 ; 140315227518720 ; 138 ; -1 ; IWANT
3.00 ; 344 ; 18732 ; 140101119985408 ; 138 ; 43 ; IAMIN
3.00 ; 345 ; 18733 ; 140315227518720 ; 13529 ; -1 ; IWANT
3.00 ; 345 ; 18732 ; 140101119985408 ; 13529 ; 46 ; IAMIN
3.00 ; 346 ; 18733 ; 140315227518720 ; 12588 ; -1 ; IWANT
3.00 ; 346 ; 18732 ; 140101136770816 ; 12588 ; 45 ; IAMIN
3.00 ; 347 ; 18733 ; 140315227518720 ; 10521 ; -1 ; IWANT
3.00 ; 347 ; 18732 ; 140101119985408 ; 10521 ; 48 ; IAMIN
3.00 ; 348 ; 18733 ; 140315227518720 ; 12108 ; -1 ; IWANT
3.00 ; 348 ; 18732 ; 140101136770816 ; 12108 ; 47 ; IAMIN
3.00 ; 349 ; 18733 ; 140315227518720 ; 12679 ; -1 ; IWANT
3.00 ; 349 ; 18732 ; 140101119985408 ; 12679 ; 49 ; IAMIN
3.00 ; 350 ; 18733 ; 140315227518720 ; 10179 ; -1 ; IWANT
3.00 ; 350 ; 18732 ; 140101136770816 ; 10179 ; 1 ; IAMIN
3.00 ; 351 ; 18733 ; 140315227518720 ; 17924 ; -1 ; IWANT
3.00 ; 351 ; 18732 ; 140101119985408 ; 17924 ; 50 ; IAMIN
3.00 ; 352 ; 18733 ; 140315227518720 ; 12838 ; -1 ; IWANT
3.00 ; 352 ; 18732 ; 140101136770816 ; 12838 ; 5 ; IAMIN
3.00 ; 353 ; 18733 ; 140315227518720 ; 9126 ; -1 ; IWANT
3.00 ; 353 ; 18732 ; 140101119985408 ; 9126 ; 3 ; IAMIN
3.00 ; 354 ; 18733 ; 140315227518720 ; 10328 ; -1 ; IWANT
3.00 ; 354 ; 18732 ; 140101119985408 ; 10328 ; 2 ; IAMIN
3.00 ; 355 ; 18733 ; 140315227518720 ; 7396 ; -1 ; IWANT
3.00 ; 355 ; 18732 ; 140101136770816 ; 7396 ; 6 ; IAMIN
3.00 ; 356 ; 18733 ; 140315227518720 ; 14595 ; -1 ; IWANT
3.00 ; 356 ; 18732 ; 140101136770816 ; 14595 ; 4 ; IAMIN
3.00 ; 357 ; 18733 ; 140315227518720 ; 4251 ; -1 ; IWANT
3.00 ; 357 ; 18732 ; 140101119985408 ; 4251 ; 7 ; IAMIN
3.00 ; 358 ; 18733 ; 140315227518720 ; 3101 ; -1 ; IWANT
3.00 ; 358 ; 18732 ; 140101136770816 ; 3101 ; 8 ; IAMIN
3.00 ; 359 ; 18733 ; 140315227518720 ; 11313 ; -1 ; IWANT
3.00 ; 359 ; 18732 ; 140101136770816 ; 11313 ; 9 ; IAMIN
3.00 ; 360 ; 18733 ; 140315227518720 ; 2658 ; -1 ; IWANT
3.00 ; 360 ; 18732 ; 140101119985408 ; 2658 ; 10 ; IAMIN
3.00 ; 361 ; 18733 ; 140315227518720 ; 5058 ; -1 ; IWANT
3.00 ; 361 ; 18732 ; 140101119985408 ; 5058 ; 11 ; IAMIN
3.00 ; 362 ; 18733 ; 140315227518720 ; 11331 ; -1 ; IWANT
3.00 ; 362 ; 18732 ; 140101119985408 ; 11331 ; 13 ; IAMIN
3.00 ; 363 ; 18733 ; 140315227518720 ; 18236 ; -1 ; IWANT
3.00 ; 363 ; 18732 ; 140101136770816 ; 18236 ; 12 ; IAMIN
3.00 ; 364 ; 18733 ; 140315227518720 ; 14407 ; -1 ; IWANT
3.00 ; 364 ; 18732 ; 140101119985408 ; 14407 ; 15 ; IAMIN
3.00 ; 365 ; 18733 ; 140315227518720 ; 16736 ; -1 ; IWANT
3.00 ; 365 ; 18732 ; 140101136770816 ; 16736 ; 14 ; IAMIN
3.00 ; 366 ; 18733 ; 140315227518720 ; 7524 ; -1 ; IWANT
3.00 ; 366 ; 18732 ; 140101119985408 ; 7524 ; 16 ; IAMIN
3.00 ; 367 ; 18733 ; 140315227518720 ; 8014 ; -1 ; IWANT
3.00 ; 367 ; 18732 ; 140101119985408 ; 8014 ; 18 ; IAMIN
3.00 ; 368 ; 18733 ; 140315227518720 ; 2085 ; -1 ; IWANT
3.00 ; 368 ; 18732 ; 140101119985408 ; 2085 ; 17 ; IAMIN
3.00 ; 369 ; 18733 ; 140315227518720 ; 1058 ; -1 ; IWANT
3.00 ; 369 ; 18732 ; 140101119985408 ; 1058 ; 20 ; IAMIN
3.00 ; 370 ; 18733 ; 140315227518720 ; 19236 ; -1 ; IWANT
3.00 ; 370 ; 18732 ; 140101119985408 ; 19236 ; 21 ; IAMIN
3.00 ; 371 ; 18733 ; 140315227518720 ; 10164 ; -1 ; IWANT
3.00 ; 371 ; 18732 ; 140101136770816 ; 10164 ; 19 ; IAMIN
3.00 ; 372 ; 18733 ; 140315227518720 ; 4181 ; -1 ; IWANT
3.00 ; 372 ; 18732 ; 140101119985408 ; 4181 ; 22 ; IAMIN
3.00 ; 373 ; 18733 ; 140315227518720 ; 13298 ; -1 ; IWANT
3.00 ; 373 ; 18732 ; 140101119985408 ; 13298 ; 23 ; IAMIN
3.00 ; 374 ; 18733 ; 140315227518720 ; 16650 ; -1 ; IWANT
3.00 ; 374 ; 18732 ; 140101136770816 ; 16650 ; 26 ; IAMIN
3.00 ; 375 ; 18733 ; 140315227518720 ; 4319 ; -1 ; IWANT
3.00 ; 375 ; 18732 ; 140101119985408 ; 4319 ; 24 ; IAMIN
3.00 ; 376 ; 18733 ; 140315227518720 ; 3178 ; -1 ; IWANT
3.00 ; 376 ; 18732 ; 140101136770816 ; 3178 ; 25 ; IAMIN
3.00 ; 377 ; 18733 ; 140315227518720 ; 5589 ; -1 ; IWANT
3.00 ; 377 ; 18732 ; 140101136770816 ; 5589 ; 28 ; IAMIN
3.00 ; 378 ; 18733 ; 140315227518720 ; 14839 ; -1 ; IWANT
3.00 ; 378 ; 18732 ; 140101136770816 ; 14839 ; 27 ; IAMIN
3.00 ; 379 ; 18733 ; 140315227518720 ; 11637 ; -1 ; IWANT
3.00 ; 379 ; 18732 ; 140101119985408 ; 11637 ; 29 ; IAMIN
3.00 ; 380 ; 18733 ; 140315227518720 ; 18268 ; -1 ; IWANT
3.00 ; 380 ; 18732 ; 140101136770816 ; 18268 ; 32 ; IAMIN
3.00 ; 381 ; 18733 ; 140315227518720 ; 1370 ; -1 ; IWANT
3.00 ; 381 ; 18732 ; 140101119985408 ; 1370 ; 30 ; IAMIN
3.00 ; 382 ; 18733 ; 140315227518720 ; 9560 ; -1 ; IWANT
3.00 ; 382 ; 18732 ; 140101136770816 ; 9560 ; 31 ; IAMIN
3.00 ; 383 ; 18733 ; 140315227518720 ; 11105 ; -1 ; IWANT
3.00 ; 383 ; 18732 ; 140101136770816 ; 11105 ; 34 ; IAMIN
3.00 ; 384 ; 18733 ; 140315227518720 ; 6847 ; -1 ; IWANT
3.00 ; 384 ; 18732 ; 140101119985408 ; 6847 ; 35 ; IAMIN
3.00 ; 385 ; 18733 ; 140315227518720 ; 19887 ; -1 ; IWANT
3.00 ; 385 ; 18732 ; 140101119985408 ; 19887 ; 37 ; IAMIN
3.00 ; 386 ; 18733 ; 140315227518720 ; 18501 ; -1 ; IWANT
3.00 ; 386 ; 18732 ; 140101136770816 ; 18501 ; 33 ; IAMIN
3.00 ; 387 ; 18733 ; 140315227518720 ; 1441 ; -1 ; IWANT
3.00 ; 387 ; 18732 ; 140101119985408 ; 1441 ; 36 ; IAMIN
3.00 ; 388 ; 18733 ; 140315227518720 ; 489 ; -1 ; IWANT
3.00 ; 388 ; 18732 ; 140101136770816 ; 489 ; 38 ; IAMIN
3.00 ; 389 ; 18733 ; 140315227518720 ; 17953 ; -1 ; IWANT
3.00 ; 389 ; 18732 ; 140101136770816 ; 17953 ; 39 ; IAMIN
3.00 ; 390 ; 18733 ; 140315227518720 ; 9105 ; -1 ; IWANT
3.00 ; 390 ; 18732 ; 140101119985408 ; 9105 ; 40 ; IAMIN
4.00 ; 391 ; 18733 ; 140315227518720 ; 19499 ; -1 ; IWANT
4.00 ; 391 ; 18732 ; 140101119985408 ; 19499 ; 41 ; IAMIN
4.00 ; 392 ; 18733 ; 140315227518720 ; 3011 ; -1 ; IWANT
4.00 ; 392 ; 18732 ; 140101136770816 ; 3011 ; 42 ; IAMIN
4.00 ; 393 ; 18733 ; 140315227518720 ; 435 ; -1 ; IWANT
4.00 ; 393 ; 18732 ; 140101119985408 ; 435 ; 44 ; IAMIN
4.00 ; 394 ; 18733 ; 140315227518720 ; 14086 ; -1 ; IWANT
4.00 ; 394 ; 18732 ; 140101119985408 ; 14086 ; 43 ; IAMIN
4.00 ; 395 ; 18733 ; 140315227518720 ; 17417 ; -1 ; IWANT
4.00 ; 395 ; 18732 ; 140101136770816 ; 17417 ; 46 ; IAMIN
4.00 ; 396 ; 18733 ; 140315227518720 ; 17170 ; -1 ; IWANT
4.00 ; 396 ; 18732 ; 140101119985408 ; 17170 ; 45 ; IAMIN
4.00 ; 397 ; 18733 ; 140315227518720 ; 1609 ; -1 ; IWANT
4.00 ; 397 ; 18732 ; 140101136770816 ; 1609 ; 48 ; IAMIN
4.00 ; 398 ; 18733 ; 140315227518720 ; 1782 ; -1 ; IWANT
4.00 ; 398 ; 18732 ; 140101119985408 ; 1782 ; 47 ; IAMIN
4.00 ; 399 ; 18733 ; 140315227518720 ; 15607 ; -1 ; IWANT
4.00 ; 399 ; 18732 ; 140101119985408 ; 15607 ; 49 ; IAMIN
4.00 ; 400 ; 18733 ; 140315227518720 ; 2667 ; -1 ; IWANT
4.00 ; 400 ; 18732 ; 140101136770816 ; 2667 ; 1 ; IAMIN
4.00 ; 401 ; 18733 ; 140315227518720 ; 1018 ; -1 ; IWANT
4.00 ; 401 ; 18732 ; 140101119985408 ; 1018 ; 50 ; IAMIN
4.00 ; 402 ; 18733 ; 140315227518720 ; 5770 ; -1 ; IWANT
4.00 ; 402 ; 18732 ; 140101119985408 ; 5770 ; 5 ; IAMIN
4.00 ; 403 ; 18733 ; 140315227518720 ; 3199 ; -1 ; IWANT
4.00 ; 403 ; 18732 ; 140101119985408 ; 3199 ; 3 ; IAMIN
4.00 ; 404 ; 18733 ; 140315227518720 ; 10667 ; -1 ; IWANT
4.00 ; 404 ; 18732 ; 140101119985408 ; 10667 ; 2 ; IAMIN
4.00 ; 405 ; 18733 ; 140315227518720 ; 18771 ; -1 ; IWANT
4.00 ; 405 ; 18732 ; 140101136770816 ; 18771 ; 6 ; IAMIN
4.00 ; 406 ; 18733 ; 140315227518720 ; 7517 ; -1 ; IWANT
4.00 ; 406 ; 18732 ; 140101119985408 ; 7517 ; 7 ; IAMIN
4.00 ; 407 ; 18733 ; 140315227518720 ; 13844 ; -1 ; IWANT
4.00 ; 407 ; 18732 ; 140101136770816 ; 13844 ; 4 ; IAMIN
4.00 ; 408 ; 18733 ; 140315227518720 ; 4360 ; -1 ; IWANT
4.00 ; 408 ; 18732 ; 140101119985408 ; 4360 ; 8 ; IAMIN
4.00 ; 409 ; 18733 ; 140315227518720 ; 18708 ; -1 ; IWANT
4.00 ; 409 ; 18732 ; 140101119985408 ; 18708 ; 9 ; IAMIN
4.00 ; 410 ; 18733 ; 140315227518720 ; 5480 ; -1 ; IWANT
4.00 ; 410 ; 18732 ; 140101136770816 ; 5480 ; 10 ; IAMIN
4.00 ; 411 ; 18733 ; 140315227518720 ; 2627 ; -1 ; IWANT
4.00 ; 411 ; 18732 ; 140101119985408 ; 2627 ; 11 ; IAMIN
4.00 ; 412 ; 18733 ; 140315227518720 ; 16429 ; -1 ; IWANT
4.00 ; 412 ; 18732 ; 140101119985408 ; 16429 ; 13 ; IAMIN
4.00 ; 413 ; 18733 ; 140315227518720 ; 11391 ; -1 ; IWANT
4.00 ; 413 ; 18732 ; 140101136770816 ; 11391 ; 12 ; IAMIN
4.00 ; 414 ; 18733 ; 140315227518720 ; 10083 ; -1 ; IWANT
4.00 ; 414 ; 18732 ; 140101119985408 ; 10083 ; 15 ; IAMIN
4.00 ; 415 ; 18733 ; 140315227518720 ; 3275 ; -1 ; IWANT
4.00 ; 415 ; 18732 ; 140101136770816 ; 3275 ; 14 ; IAMIN
4.00 ; 416 ; 18733 ; 140315227518720 ; 11277 ; -1 ; IWANT
4.00 ; 416 ; 18732 ; 140101136770816 ; 11277 ; 16 ; IAMIN
4.00 ; 417 ; 18733 ; 140315227518720 ; 8583 ; -1 ; IWANT
4.00 ; 417 ; 18732 ; 140101119985408 ; 8583 ; 18 ; IAMIN
4.00 ; 418 ; 18733 ; 140315227518720 ; 1067 ; -1 ; IWANT
4.00 ; 418 ; 18732 ; 140101119985408 ; 1067 ; 17 ; IAMIN
4.00 ; 419 ; 18733 ; 140315227518720 ; 11765 ; -1 ; IWANT
4.00 ; 419 ; 18732 ; 140101119985408 ; 11765 ; 20 ; IAMIN
4.00 ; 420 ; 18733 ; 140315227518720 ; 2888 ; -1 ; IWANT
4.00 ; 420 ; 18732 ; 140101136770816 ; 2888 ; 21 ; IAMIN
4.00 ; 421 ; 18733 ; 140315227518720 ; 10171 ; -1 ; IWANT
4.00 ; 421 ; 18732 ; 140101136770816 ; 10171 ; 19 ; IAMIN
4.00 ; 422 ; 18733 ; 140315227518720 ; 7615 ; -1 ; IWANT
4.00 ; 422 ; 18732 ; 140101119985408 ; 7615 ; 22 ; IAMIN
4.00 ; 423 ; 18733 ; 140315227518720 ; 5898 ; -1 ; IWANT
4.00 ; 423 ; 18732 ; 140101119985408 ; 5898 ; 23 ; IAMIN
4.00 ; 424 ; 18733 ; 140315227518720 ; 10605 ; -1 ; IWANT
4.00 ; 424 ; 18732 ; 140101119985408 ; 10605 ; 24 ; IAMIN
4.00 ; 425 ; 18733 ; 140315227518720 ; 1701 ; -1 ; IWANT
4.00 ; 425 ; 18732 ; 140101136770816 ; 1701 ; 26 ; IAMIN
4.00 ; 426 ; 18733 ; 140315227518720 ; 19666 ; -1 ; IWANT
4.00 ; 426 ; 18732 ; 140101136770816 ; 19666 ; 25 ; IAMIN
4.00 ; 427 ; 18733 ; 140315227518720 ; 4127 ; -1 ; IWANT
4.00 ; 427 ; 18732 ; 140101119985408 ; 4127 ; 28 ; IAMIN
4.00 ; 428 ; 18733 ; 140315227518720 ; 3309 ; -1 ; IWANT
4.00 ; 428 ; 18732 ; 140101136770816 ; 3309 ; 27 ; IAMIN
4.00 ; 429 ; 18733 ; 140315227518720 ; 1447 ; -1 ; IWANT
4.00 ; 429 ; 18732 ; 140101136770816 ; 1447 ; 29 ; IAMIN
4.00 ; 430 ; 18733 ; 140315227518720 ; 19733 ; -1 ; IWANT
4.00 ; 430 ; 18732 ; 140101136770816 ; 19733 ; 30 ; IAMIN
4.00 ; 431 ; 18733 ; 140315227518720 ; 2327 ; -1 ; IWANT
4.00 ; 431 ; 18732 ; 140101119985408 ; 2327 ; 32 ; IAMIN
4.00 ; 432 ; 18733 ; 140315227518720 ; 18816 ; -1 ; IWANT
4.00 ; 432 ; 18732 ; 140101136770816 ; 18816 ; 31 ; IAMIN
4.00 ; 433 ; 18733 ; 140315227518720 ; 1854 ; -1 ; IWANT
4.00 ; 433 ; 18732 ; 140101119985408 ; 1854 ; 34 ; IAMIN
4.00 ; 434 ; 18733 ; 140315227518720 ; 5526 ; -1 ; IWANT
4.00 ; 434 ; 18732 ; 140101136770816 ; 5526 ; 35 ; IAMIN
4.00 ; 435 ; 18733 ; 140315227518720 ; 9482 ; -1 ; IWANT
4.00 ; 435 ; 18732 ; 140101136770816 ; 9482 ; 37 ; IAMIN
4.00 ; 436 ; 18733 ; 140315227518720 ; 624 ; -1 ; IWANT
4.00 ; 436 ; 18732 ; 140101136770816 ; 624 ; 36 ; IAMIN
4.00 ; 437 ; 18733 ; 140315227518720 ; 9394 ; -1 ; IWANT
4.00 ; 437 ; 18732 ; 140101136770816 ; 9394 ; 33 ; IAMIN
4.00 ; 438 ; 18733 ; 140315227518720 ; 19677 ; -1 ; IWANT
4.00 ; 438 ; 18732 ; 140101136770816 ; 19677 ; 38 ; IAMIN
4.00 ; 439 ; 18733 ; 140315227518720 ; 1335 ; -1 ; IWANT
4.00 ; 439 ; 18732 ; 140101119985408 ; 1335 ; 39 ; IAMIN
4.00 ; 440 ; 18733 ; 140315227518720 ; 4453 ; -1 ; IWANT
4.00 ; 440 ; 18732 ; 140101136770816 ; 4453 ; 40 ; IAMIN
4.00 ; 441 ; 18733 ; 140315227518720 ; 1508 ; -1 ; IWANT
4.00 ; 441 ; 18732 ; 140101136770816 ; 1508 ; 42 ; IAMIN
4.00 ; 442 ; 18733 ; 140315227518720 ; 3961 ; -1 ; IWANT
4.00 ; 442 ; 18732 ; 140101136770816 ; 3961 ; 41 ; IAMIN
4.00 ; 443 ; 18733 ; 140315227518720 ; 881 ; -1 ; IWANT
4.00 ; 443 ; 18732 ; 140101136770816 ; 881 ; 44 ; IAMIN
4.00 ; 444 ; 18733 ; 140315227518720 ; 12898 ; -1 ; IWANT
4.00 ; 444 ; 18732 ; 140101136770816 ; 12898 ; 43 ; IAMIN
4.00 ; 445 ; 18733 ; 140315227518720 ; 14044 ; -1 ; IWANT
4.00 ; 445 ; 18732 ; 140101119985408 ; 14044 ; 46 ; IAMIN
4.00 ; 446 ; 18733 ; 140315227518720 ; 507 ; -1 ; IWANT
4.00 ; 446 ; 18732 ; 140101136770816 ; 507 ; 48 ; IAMIN
4.00 ; 447 ; 18733 ; 140315227518720 ; 526 ; -1 ; IWANT
4.00 ; 447 ; 18732 ; 140101119985408 ; 526 ; 45 ; IAMIN
4.00 ; 448 ; 18733 ; 140315227518720 ; 18978 ; -1 ; IWANT
4.00 ; 448 ; 18732 ; 140101119985408 ; 18978 ; 47 ; IAMIN
4.00 ; 449 ; 18733 ; 140315227518720 ; 1573 ; -1 ; IWANT
4.00 ; 449 ; 18732 ; 140101136770816 ; 1573 ; 1 ; IAMIN
4.00 ; 450 ; 18733 ; 140315227518720 ; 12291 ; -1 ; IWANT
4.00 ; 450 ; 18732 ; 140101119985408 ; 12291 ; 49 ; IAMIN
4.00 ; 451 ; 18733 ; 140315227518720 ; 1865 ; -1 ; IWANT
4.00 ; 451 ; 18732 ; 140101136770816 ; 1865 ; 50 ; IAMIN
4.00 ; 452 ; 18733 ; 140315227518720 ; 11743 ; -1 ; IWANT
4.00 ; 452 ; 18732 ; 140101119985408 ; 11743 ; 5 ; IAMIN
4.00 ; 453 ; 18733 ; 140315227518720 ; 16257 ; -1 ; IWANT
4.00 ; 453 ; 18732 ; 140101136770816 ; 16257 ; 3 ; IAMIN
4.00 ; 454 ; 18733 ; 140315227518720 ; 4114 ; -1 ; IWANT
4.00 ; 454 ; 18732 ; 140101119985408 ; 4114 ; 2 ; IAMIN
4.00 ; 455 ; 18733 ; 140315227518720 ; 18700 ; -1 ; IWANT
4.00 ; 455 ; 18732 ; 140101136770816 ; 18700 ; 7 ; IAMIN
4.00 ; 456 ; 18733 ; 140315227518720 ; 17957 ; -1 ; IWANT
4.00 ; 456 ; 18732 ; 140101119985408 ; 17957 ; 6 ; IAMIN
4.00 ; 457 ; 18733 ; 140315227518720 ; 131 ; -1 ; IWANT
4.00 ; 457 ; 18732 ; 140101136770816 ; 131 ; 4 ; IAMIN
4.00 ; 458 ; 18733 ; 140315227518720 ; 19178 ; -1 ; IWANT
4.00 ; 458 ; 18732 ; 140101119985408 ; 19178 ; 8 ; IAMIN
4.00 ; 459 ; 18733 ; 140315227518720 ; 17618 ; -1 ; IWANT
4.00 ; 459 ; 18732 ; 140101136770816 ; 17618 ; 10 ; IAMIN
4.00 ; 460 ; 18733 ; 140315227518720 ; 17930 ; -1 ; IWANT
4.00 ; 460 ; 18732 ; 140101119985408 ; 17930 ; 9 ; IAMIN
4.00 ; 461 ; 18733 ; 140315227518720 ; 18910 ; -1 ; IWANT
4.00 ; 461 ; 18732 ; 140101136770816 ; 18910 ; 11 ; IAMIN
4.00 ; 462 ; 18733 ; 140315227518720 ; 19944 ; -1 ; IWANT
4.00 ; 462 ; 18732 ; 140101119985408 ; 19944 ; 13 ; IAMIN
4.00 ; 463 ; 18733 ; 140315227518720 ; 16745 ; -1 ; IWANT
4.00 ; 463 ; 18732 ; 140101136770816 ; 16745 ; 12 ; IAMIN
4.00 ; 464 ; 18733 ; 140315227518720 ; 17115 ; -1 ; IWANT
4.00 ; 464 ; 18732 ; 140101119985408 ; 17115 ; 15 ; IAMIN
4.00 ; 465 ; 18733 ; 140315227518720 ; 5469 ; -1 ; IWANT
4.00 ; 465 ; 18732 ; 140101136770816 ; 5469 ; 14 ; IAMIN
4.00 ; 466 ; 18733 ; 140315227518720 ; 2579 ; -1 ; IWANT
4.00 ; 466 ; 18732 ; 140101119985408 ; 2579 ; 16 ; IAMIN
4.00 ; 467 ; 18733 ; 140315227518720 ; 17738 ; -1 ; IWANT
4.00 ; 467 ; 18732 ; 140101119985408 ; 17738 ; 18 ; IAMIN
4.00 ; 468 ; 18733 ; 140315227518720 ; 11215 ; -1 ; IWANT
4.00 ; 468 ; 18732 ; 140101136770816 ; 11215 ; 17 ; IAMIN
4.00 ; 469 ; 18733 ; 140315227518720 ; 2255 ; -1 ; IWANT
4.00 ; 469 ; 18732 ; 140101119985408 ; 2255 ; 20 ; IAMIN
4.00 ; 470 ; 18733 ; 140315227518720 ; 19073 ; -1 ; IWANT
4.00 ; 470 ; 18732 ; 140101119985408 ; 19073 ; 21 ; IAMIN
4.00 ; 471 ; 18733 ; 140315227518720 ; 15667 ; -1 ; IWANT
4.00 ; 471 ; 18732 ; 140101136770816 ; 15667 ; 19 ; IAMIN
4.00 ; 472 ; 18733 ; 140315227518720 ; 3763 ; -1 ; IWANT
4.00 ; 472 ; 18732 ; 140101119985408 ; 3763 ; 22 ; IAMIN
4.00 ; 473 ; 18733 ; 140315227518720 ; 19385 ; -1 ; IWANT
4.00 ; 473 ; 18732 ; 140101136770816 ; 19385 ; 23 ; IAMIN
4.00 ; 474 ; 18733 ; 140315227518720 ; 16548 ; -1 ; IWANT
4.00 ; 474 ; 18732 ; 140101119985408 ; 16548 ; 24 ; IAMIN
4.00 ; 475 ; 18733 ; 140315227518720 ; 13012 ; -1 ; IWANT
4.00 ; 475 ; 18732 ; 140101136770816 ; 13012 ; 26 ; IAMIN
4.00 ; 476 ; 18733 ; 140315227518720 ; 9780 ; -1 ; IWANT
4.00 ; 476 ; 18732 ; 140101119985408 ; 9780 ; 28 ; IAMIN
4.00 ; 477 ; 18733 ; 140315227518720 ; 17054 ; -1 ; IWANT
4.00 ; 477 ; 18732 ; 140101119985408 ; 17054 ; 25 ; IAMIN
4.00 ; 478 ; 18733 ; 140315227518720 ; 13538 ; -1 ; IWANT
4.00 ; 478 ; 18732 ; 140101136770816 ; 13538 ; 27 ; IAMIN
4.00 ; 479 ; 18733 ; 140315227518720 ; 8758 ; -1 ; IWANT
4.00 ; 479 ; 18732 ; 140101119985408 ; 8758 ; 29 ; IAMIN
4.00 ; 480 ; 18733 ; 140315227518720 ; 14979 ; -1 ; IWANT
4.00 ; 480 ; 18732 ; 140101119985408 ; 14979 ; 32 ; IAMIN
4.00 ; 481 ; 18733 ; 140315227518720 ; 2180 ; -1 ; IWANT
4.00 ; 481 ; 18732 ; 140101136770816 ; 2180 ; 30 ; IAMIN
4.00 ; 482 ; 18733 ; 140315227518720 ; 6974 ; -1 ; IWANT
4.00 ; 482 ; 18732 ; 140101119985408 ; 6974 ; 34 ; IAMIN
4.00 ; 483 ; 18733 ; 140315227518720 ; 6721 ; -1 ; IWANT
4.00 ; 483 ; 18732 ; 140101119985408 ; 6721 ; 31 ; IAMIN
4.00 ; 484 ; 18733 ; 140315227518720 ; 18436 ; -1 ; IWANT
4.00 ; 484 ; 18732 ; 140101119985408 ; 18436 ; 35 ; IAMIN
4.00 ; 485 ; 18733 ; 140315227518720 ; 7440 ; -1 ; IWANT
4.00 ; 485 ; 18732 ; 140101136770816 ; 7440 ; 37 ; IAMIN
4.00 ; 486 ; 18733 ; 140315227518720 ; 1772 ; -1 ; IWANT
4.00 ; 486 ; 18732 ; 140101119985408 ; 1772 ; 36 ; IAMIN
4.00 ; 487 ; 18733 ; 140315227518720 ; 16393 ; -1 ; IWANT
4.00 ; 487 ; 18732 ; 140101119985408 ; 16393 ; 33 ; IAMIN
4.00 ; 488 ; 18733 ; 140315227518720 ; 7570 ; -1 ; IWANT
4.00 ; 488 ; 18732 ; 140101136770816 ; 7570 ; 39 ; IAMIN
4.00 ; 489 ; 18733 ; 140315227518720 ; 949 ; -1 ; IWANT
4.00 ; 489 ; 18732 ; 140101136770816 ; 949 ; 38 ; IAMIN
5.00 ; 490 ; 18733 ; 140315227518720 ; 14010 ; -1 ; IWANT
5.00 ; 490 ; 18732 ; 140101136770816 ; 14010 ; 40 ; IAMIN
5.00 ; 491 ; 18733 ; 140315227518720 ; 5499 ; -1 ; IWANT
5.00 ; 491 ; 18732 ; 140101119985408 ; 5499 ; 42 ; IAMIN
5.00 ; 492 ; 18733 ; 140315227518720 ; 16210 ; -1 ; IWANT
5.00 ; 492 ; 18732 ; 140101119985408 ; 16210 ; 41 ; IAMIN
5.00 ; 493 ; 18733 ; 140315227518720 ; 10305 ; -1 ; IWANT
5.00 ; 493 ; 18732 ; 140101136770816 ; 10305 ; 44 ; IAMIN
5.00 ; 494 ; 18733 ; 140315227518720 ; 18596 ; -1 ; IWANT
5.00 ; 494 ; 18732 ; 140101119985408 ; 18596 ; 43 ; IAMIN
5.00 ; 495 ; 18733 ; 140315227518720 ; 13324 ; -1 ; IWANT
5.00 ; 495 ; 18732 ; 140101136770816 ; 13324 ; 48 ; IAMIN
5.00 ; 496 ; 18733 ; 140315227518720 ; 15774 ; -1 ; IWANT
5.00 ; 496 ; 18732 ; 140101119985408 ; 15774 ; 46 ; IAMIN
5.00 ; 497 ; 18733 ; 140315227518720 ; 1174 ; -1 ; IWANT
5.00 ; 497 ; 18732 ; 140101136770816 ; 1174 ; 45 ; IAMIN
5.00 ; 498 ; 18733 ; 140315227518720 ; 11062 ; -1 ; IWANT
5.00 ; 498 ; 18732 ; 140101119985408 ; 11062 ; 1 ; IAMIN
5.00 ; 499 ; 18733 ; 140315227518720 ; 3340 ; -1 ; IWANT
5.00 ; 499 ; 18732 ; 140101136770816 ; 3340 ; 47 ; IAMIN
5.00 ; 500 ; 18733 ; 140315227518720 ; 19780 ; -1 ; IWANT
5.00 ; 500 ; 18732 ; 140101136770816 ; 19780 ; 50 ; IAMIN
5.00 ; 501 ; 18733 ; 140315227518720 ; 6486 ; -1 ; IWANT
5.00 ; 501 ; 18732 ; 140101119985408 ; 6486 ; 49 ; IAMIN
5.00 ; 502 ; 18733 ; 140315227518720 ; 19006 ; -1 ; IWANT
5.00 ; 502 ; 18732 ; 140101136770816 ; 19006 ; 5 ; IAMIN
5.00 ; 503 ; 18733 ; 140315227518720 ; 19894 ; -1 ; IWANT
5.00 ; 503 ; 18732 ; 140101119985408 ; 19894 ; 2 ; IAMIN
5.00 ; 504 ; 18733 ; 140315227518720 ; 5870 ; -1 ; IWANT
5.00 ; 504 ; 18732 ; 140101136770816 ; 5870 ; 3 ; IAMIN
5.00 ; 505 ; 18733 ; 140315227518720 ; 15553 ; -1 ; IWANT
5.00 ; 505 ; 18732 ; 140101119985408 ; 15553 ; 7 ; IAMIN
5.00 ; 506 ; 18733 ; 140315227518720 ; 12906 ; -1 ; IWANT
5.00 ; 506 ; 18732 ; 140101136770816 ; 12906 ; 4 ; IAMIN
5.00 ; 507 ; 18733 ; 140315227518720 ; 12002 ; -1 ; IWANT
5.00 ; 507 ; 18732 ; 140101119985408 ; 12002 ; 6 ; IAMIN
5.00 ; 508 ; 18733 ; 140315227518720 ; 8959 ; -1 ; IWANT
5.00 ; 508 ; 18732 ; 140101136770816 ; 8959 ; 8 ; IAMIN
5.00 ; 509 ; 18733 ; 140315227518720 ; 6443 ; -1 ; IWANT
5.00 ; 509 ; 18732 ; 140101136770816 ; 6443 ; 10 ; IAMIN
5.00 ; 510 ; 18733 ; 140315227518720 ; 17111 ; -1 ; IWANT
5.00 ; 510 ; 18732 ; 140101136770816 ; 17111 ; 9 ; IAMIN
5.00 ; 511 ; 18733 ; 140315227518720 ; 3937 ; -1 ; IWANT
5.00 ; 511 ; 18732 ; 140101119985408 ; 3937 ; 11 ; IAMIN
5.00 ; 512 ; 18733 ; 140315227518720 ; 8622 ; -1 ; IWANT
5.00 ; 512 ; 18732 ; 140101136770816 ; 8622 ; 13 ; IAMIN
5.00 ; 513 ; 18733 ; 140315227518720 ; 4084 ; -1 ; IWANT
5.00 ; 513 ; 18732 ; 140101136770816 ; 4084 ; 12 ; IAMIN
5.00 ; 514 ; 18733 ; 140315227518720 ; 7009 ; -1 ; IWANT
5.00 ; 514 ; 18732 ; 140101136770816 ; 7009 ; 14 ; IAMIN
5.00 ; 515 ; 18733 ; 140315227518720 ; 7057 ; -1 ; IWANT
5.00 ; 515 ; 18732 ; 140101136770816 ; 7057 ; 15 ; IAMIN
5.00 ; 516 ; 18733 ; 140315227518720 ; 7875 ; -1 ; IWANT
5.00 ; 516 ; 18732 ; 140101136770816 ; 7875 ; 16 ; IAMIN
5.00 ; 517 ; 18733 ; 140315227518720 ; 5133 ; -1 ; IWANT
5.00 ; 517 ; 18732 ; 140101136770816 ; 5133 ; 18 ; IAMIN
5.00 ; 518 ; 18733 ; 140315227518720 ; 19801 ; -1 ; IWANT
5.00 ; 518 ; 18732 ; 140101136770816 ; 19801 ; 17 ; IAMIN
5.00 ; 519 ; 18733 ; 140315227518720 ; 15445 ; -1 ; IWANT
5.00 ; 519 ; 18732 ; 140101119985408 ; 15445 ; 20 ; IAMIN
5.00 ; 520 ; 18733 ; 140315227518720 ; 6081 ; -1 ; IWANT
5.00 ; 520 ; 18732 ; 140101136770816 ; 6081 ; 21 ; IAMIN
5.00 ; 521 ; 18733 ; 140315227518720 ; 10162 ; -1 ; IWANT
5.00 ; 521 ; 18732 ; 140101136770816 ; 10162 ; 22 ; IAMIN
5.00 ; 522 ; 18733 ; 140315227518720 ; 17295 ; -1 ; IWANT
5.00 ; 522 ; 18732 ; 140101119985408 ; 17295 ; 19 ; IAMIN
5.00 ; 523 ; 18733 ; 140315227518720 ; 2291 ; -1 ; IWANT
5.00 ; 523 ; 18732 ; 140101136770816 ; 2291 ; 23 ; IAMIN
5.00 ; 524 ; 18733 ; 140315227518720 ; 467 ; -1 ; IWANT
5.00 ; 524 ; 18732 ; 140101119985408 ; 467 ; 24 ; IAMIN
5.00 ; 525 ; 18733 ; 140315227518720 ; 12242 ; -1 ; IWANT
5.00 ; 525 ; 18732 ; 140101119985408 ; 12242 ; 26 ; IAMIN
5.00 ; 526 ; 18733 ; 140315227518720 ; 15614 ; -1 ; IWANT
5.00 ; 526 ; 18732 ; 140101136770816 ; 15614 ; 28 ; IAMIN
5.00 ; 527 ; 18733 ; 140315227518720 ; 12592 ; -1 ; IWANT
5.00 ; 527 ; 18732 ; 140101119985408 ; 12592 ; 25 ; IAMIN
5.00 ; 528 ; 18733 ; 140315227518720 ; 9767 ; -1 ; IWANT
5.00 ; 528 ; 18732 ; 140101136770816 ; 9767 ; 27 ; IAMIN
5.00 ; 529 ; 18733 ; 140315227518720 ; 3027 ; -1 ; IWANT
5.00 ; 529 ; 18732 ; 140101136770816 ; 3027 ; 29 ; IAMIN
5.00 ; 530 ; 18733 ; 140315227518720 ; 15931 ; -1 ; IWANT
5.00 ; 530 ; 18732 ; 140101136770816 ; 15931 ; 30 ; IAMIN
5.00 ; 531 ; 18733 ; 140315227518720 ; 9547 ; -1 ; IWANT
5.00 ; 531 ; 18732 ; 140101119985408 ; 9547 ; 32 ; IAMIN
5.00 ; 532 ; 18733 ; 140315227518720 ; 5864 ; -1 ; IWANT
5.00 ; 532 ; 18732 ; 140101119985408 ; 5864 ; 34 ; IAMIN
5.00 ; 533 ; 18733 ; 140315227518720 ; 14936 ; -1 ; IWANT
5.00 ; 533 ; 18732 ; 140101119985408 ; 14936 ; 31 ; IAMIN
5.00 ; 534 ; 18733 ; 140315227518720 ; 9440 ; -1 ; IWANT
5.00 ; 534 ; 18732 ; 140101136770816 ; 9440 ; 37 ; IAMIN
5.00 ; 535 ; 18733 ; 140315227518720 ; 11734 ; -1 ; IWANT
5.00 ; 535 ; 18732 ; 140101136770816 ; 11734 ; 35 ; IAMIN
5.00 ; 536 ; 18733 ; 140315227518720 ; 6841 ; -1 ; IWANT
5.00 ; 536 ; 18732 ; 140101119985408 ; 6841 ; 36 ; IAMIN
5.00 ; 537 ; 18733 ; 140315227518720 ; 2345 ; -1 ; IWANT
5.00 ; 537 ; 18732 ; 140101119985408 ; 2345 ; 33 ; IAMIN
5.00 ; 538 ; 18733 ; 140315227518720 ; 87 ; -1 ; IWANT
5.00 ; 538 ; 18732 ; 140101119985408 ; 87 ; 39 ; IAMIN
5.00 ; 539 ; 18733 ; 140315227518720 ; 15799 ; -1 ; IWANT
5.00 ; 539 ; 18732 ; 140101119985408 ; 15799 ; 38 ; IAMIN
5.00 ; 540 ; 18733 ; 140315227518720 ; 8787 ; -1 ; IWANT
5.00 ; 540 ; 18732 ; 140101136770816 ; 8787 ; 40 ; IAMIN
5.00 ; 541 ; 18733 ; 140315227518720 ; 17197 ; -1 ; IWANT
5.00 ; 541 ; 18732 ; 140101136770816 ; 17197 ; 42 ; IAMIN
5.00 ; 542 ; 18733 ; 140315227518720 ; 16087 ; -1 ; IWANT
5.00 ; 542 ; 18732 ; 140101119985408 ; 16087 ; 41 ; IAMIN
5.00 ; 543 ; 18733 ; 140315227518720 ; 13760 ; -1 ; IWANT
5.00 ; 543 ; 18732 ; 140101136770816 ; 13760 ; 44 ; IAMIN
5.00 ; 544 ; 18733 ; 140315227518720 ; 17632 ; -1 ; IWANT
5.00 ; 544 ; 18732 ; 140101119985408 ; 17632 ; 43 ; IAMIN
5.00 ; 545 ; 18733 ; 140315227518720 ; 19447 ; -1 ; IWANT
5.00 ; 545 ; 18732 ; 140101136770816 ; 19447 ; 48 ; IAMIN
5.00 ; 546 ; 18733 ; 140315227518720 ; 817 ; -1 ; IWANT
5.00 ; 546 ; 18732 ; 140101119985408 ; 817 ; 45 ; IAMIN
5.00 ; 547 ; 18733 ; 140315227518720 ; 5507 ; -1 ; IWANT
5.00 ; 547 ; 18732 ; 140101136770816 ; 5507 ; 46 ; IAMIN
5.00 ; 548 ; 18733 ; 140315227518720 ; 4579 ; -1 ; IWANT
5.00 ; 548 ; 18732 ; 140101136770816 ; 4579 ; 1 ; IAMIN
5.00 ; 549 ; 18733 ; 140315227518720 ; 617 ; -1 ; IWANT
5.00 ; 549 ; 18732 ; 140101136770816 ; 617 ; 47 ; IAMIN
5.00 ; 550 ; 18733 ; 140315227518720 ; 17303 ; -1 ; IWANT
5.00 ; 550 ; 18732 ; 140101136770816 ; 17303 ; 49 ; IAMIN
5.00 ; 551 ; 18733 ; 140315227518720 ; 10660 ; -1 ; IWANT
5.00 ; 551 ; 18732 ; 140101119985408 ; 10660 ; 50 ; IAMIN
5.00 ; 552 ; 18733 ; 140315227518720 ; 10779 ; -1 ; IWANT
5.00 ; 552 ; 18732 ; 140101136770816 ; 10779 ; 5 ; IAMIN
5.00 ; 553 ; 18733 ; 140315227518720 ; 14597 ; -1 ; IWANT
5.00 ; 553 ; 18732 ; 140101119985408 ; 14597 ; 3 ; IAMIN
5.00 ; 554 ; 18733 ; 140315227518720 ; 9302 ; -1 ; IWANT
5.00 ; 554 ; 18732 ; 140101136770816 ; 9302 ; 2 ; IAMIN
5.00 ; 555 ; 18733 ; 140315227518720 ; 7597 ; -1 ; IWANT
5.00 ; 555 ; 18732 ; 140101136770816 ; 7597 ; 7 ; IAMIN
5.00 ; 556 ; 18733 ; 140315227518720 ; 3191 ; -1 ; IWANT
5.00 ; 556 ; 18732 ; 140101136770816 ; 3191 ; 4 ; IAMIN
5.00 ; 557 ; 18733 ; 140315227518720 ; 1267 ; -1 ; IWANT
5.00 ; 557 ; 18732 ; 140101136770816 ; 1267 ; 6 ; IAMIN
5.00 ; 558 ; 18733 ; 140315227518720 ; 188 ; -1 ; IWANT
5.00 ; 558 ; 18732 ; 140101136770816 ; 188 ; 8 ; IAMIN
5.00 ; 559 ; 18733 ; 140315227518720 ; 12957 ; -1 ; IWANT
5.00 ; 559 ; 18732 ; 140101136770816 ; 12957 ; 10 ; IAMIN
5.00 ; 560 ; 18733 ; 140315227518720 ; 646 ; -1 ; IWANT
5.00 ; 560 ; 18732 ; 140101119985408 ; 646 ; 11 ; IAMIN
5.00 ; 561 ; 18733 ; 140315227518720 ; 16118 ; -1 ; IWANT
5.00 ; 561 ; 18732 ; 140101136770816 ; 16118 ; 9 ; IAMIN
5.00 ; 562 ; 18733 ; 140315227518720 ; 2503 ; -1 ; IWANT
5.00 ; 562 ; 18732 ; 140101119985408 ; 2503 ; 13 ; IAMIN
5.00 ; 563 ; 18733 ; 140315227518720 ; 6509 ; -1 ; IWANT
5.00 ; 563 ; 18732 ; 140101136770816 ; 6509 ; 12 ; IAMIN
5.00 ; 564 ; 18733 ; 140315227518720 ; 11053 ; -1 ; IWANT
5.00 ; 564 ; 18732 ; 140101136770816 ; 11053 ; 14 ; IAMIN
5.00 ; 565 ; 18733 ; 140315227518720 ; 8295 ; -1 ; IWANT
5.00 ; 565 ; 18732 ; 140101119985408 ; 8295 ; 15 ; IAMIN
5.00 ; 566 ; 18733 ; 140315227518720 ; 14594 ; -1 ; IWANT
5.00 ; 566 ; 18732 ; 140101119985408 ; 14594 ; 16 ; IAMIN
5.00 ; 567 ; 18733 ; 140315227518720 ; 17893 ; -1 ; IWANT
5.00 ; 567 ; 18732 ; 140101136770816 ; 17893 ; 18 ; IAMIN
5.00 ; 568 ; 18733 ; 140315227518720 ; 10639 ; -1 ; IWANT
5.00 ; 568 ; 18732 ; 140101119985408 ; 10639 ; 17 ; IAMIN
5.00 ; 569 ; 18733 ; 140315227518720 ; 14680 ; -1 ; IWANT
5.00 ; 569 ; 18732 ; 140101136770816 ; 14680 ; 20 ; IAMIN
5.00 ; 570 ; 18733 ; 140315227518720 ; 10043 ; -1 ; IWANT
5.00 ; 570 ; 18732 ; 140101119985408 ; 10043 ; 21 ; IAMIN
5.00 ; 571 ; 18733 ; 140315227518720 ; 15778 ; -1 ; IWANT
5.00 ; 571 ; 18732 ; 140101136770816 ; 15778 ; 22 ; IAMIN
5.00 ; 572 ; 18733 ; 140315227518720 ; 11876 ; -1 ; IWANT
5.00 ; 572 ; 18732 ; 140101119985408 ; 11876 ; 23 ; IAMIN
5.00 ; 573 ; 18733 ; 140315227518720 ; 6129 ; -1 ; IWANT
5.00 ; 573 ; 18732 ; 140101136770816 ; 6129 ; 19 ; IAMIN
5.00 ; 574 ; 18733 ; 140315227518720 ; 9537 ; -1 ; IWANT
5.00 ; 574 ; 18732 ; 140101136770816 ; 9537 ; 24 ; IAMIN
5.00 ; 575 ; 18733 ; 140315227518720 ; 9508 ; -1 ; IWANT
5.00 ; 575 ; 18732 ; 140101136770816 ; 9508 ; 26 ; IAMIN
5.00 ; 576 ; 18733 ; 140315227518720 ; 5576 ; -1 ; IWANT
5.00 ; 576 ; 18732 ; 140101136770816 ; 5576 ; 28 ; IAMIN
5.00 ; 577 ; 18733 ; 140315227518720 ; 6705 ; -1 ; IWANT
5.00 ; 577 ; 18732 ; 140101136770816 ; 6705 ; 25 ; IAMIN
5.00 ; 578 ; 18733 ; 140315227518720 ; 11366 ; -1 ; IWANT
5.00 ; 578 ; 18732 ; 140101136770816 ; 11366 ; 27 ; IAMIN
5.00 ; 579 ; 18733 ; 140315227518720 ; 6506 ; -1 ; IWANT
5.00 ; 579 ; 18732 ; 140101119985408 ; 6506 ; 29 ; IAMIN
5.00 ; 580 ; 18733 ; 140315227518720 ; 3674 ; -1 ; IWANT
5.00 ; 580 ; 18732 ; 140101119985408 ; 3674 ; 30 ; IAMIN
5.00 ; 581 ; 18733 ; 140315227518720 ; 8668 ; -1 ; IWANT
5.00 ; 581 ; 18732 ; 140101119985408 ; 8668 ; 32 ; IAMIN
5.00 ; 582 ; 18733 ; 140315227518720 ; 13517 ; -1 ; IWANT
5.00 ; 582 ; 18732 ; 140101119985408 ; 13517 ; 34 ; IAMIN
5.00 ; 583 ; 18733 ; 140315227518720 ; 14452 ; -1 ; IWANT
5.00 ; 583 ; 18732 ; 140101136770816 ; 14452 ; 31 ; IAMIN
5.00 ; 584 ; 18733 ; 140315227518720 ; 19616 ; -1 ; IWANT
5.00 ; 584 ; 18732 ; 140101119985408 ; 19616 ; 37 ; IAMIN
5.00 ; 585 ; 18733 ; 140315227518720 ; 2818 ; -1 ; IWANT
5.00 ; 585 ; 18732 ; 140101136770816 ; 2818 ; 35 ; IAMIN
5.00 ; 586 ; 18733 ; 140315227518720 ; 2048 ; -1 ; IWANT
5.00 ; 586 ; 18732 ; 140101119985408 ; 2048 ; 36 ; IAMIN
5.00 ; 587 ; 18733 ; 140315227518720 ; 2806 ; -1 ; IWANT
5.00 ; 587 ; 18732 ; 140101119985408 ; 2806 ; 33 ; IAMIN
5.00 ; 588 ; 18733 ; 140315227518720 ; 437 ; -1 ; IWANT
5.00 ; 588 ; 18732 ; 140101119985408 ; 437 ; 39 ; IAMIN
6.00 ; 589 ; 18733 ; 140315227518720 ; 18587 ; -1 ; IWANT
6.00 ; 589 ; 18732 ; 140101119985408 ; 18587 ; 38 ; IAMIN
6.00 ; 590 ; 18733 ; 140315227518720 ; 15763 ; -1 ; IWANT
6.00 ; 590 ; 18732 ; 140101136770816 ; 15763 ; 40 ; IAMIN
6.00 ; 591 ; 18733 ; 140315227518720 ; 1082 ; -1 ; IWANT
6.00 ; 591 ; 18732 ; 140101119985408 ; 1082 ; 42 ; IAMIN
6.00 ; 592 ; 18733 ; 140315227518720 ; 14704 ; -1 ; IWANT
6.00 ; 592 ; 18732 ; 140101136770816 ; 14704 ; 41 ; IAMIN
6.00 ; 593 ; 18733 ; 140315227518720 ; 14617 ; -1 ; IWANT
6.00 ; 593 ; 18732 ; 140101119985408 ; 14617 ; 44 ; IAMIN
6.00 ; 594 ; 18733 ; 140315227518720 ; 7590 ; -1 ; IWANT
6.00 ; 594 ; 18732 ; 140101136770816 ; 7590 ; 43 ; IAMIN
6.00 ; 595 ; 18733 ; 140315227518720 ; 5756 ; -1 ; IWANT
6.00 ; 595 ; 18732 ; 140101136770816 ; 5756 ; 45 ; IAMIN
6.00 ; 596 ; 18733 ; 140315227518720 ; 2911 ; -1 ; IWANT
6.00 ; 596 ; 18732 ; 140101136770816 ; 2911 ; 48 ; IAMIN
6.00 ; 597 ; 18733 ; 140315227518720 ; 2184 ; -1 ; IWANT
6.00 ; 597 ; 18732 ; 140101136770816 ; 2184 ; 46 ; IAMIN
6.00 ; 598 ; 18733 ; 140315227518720 ; 3649 ; -1 ; IWANT
6.00 ; 598 ; 18732 ; 140101136770816 ; 3649 ; 1 ; IAMIN
6.00 ; 599 ; 18733 ; 140315227518720 ; 9902 ; -1 ; IWANT
6.00 ; 599 ; 18732 ; 140101136770816 ; 9902 ; 47 ; IAMIN
6.00 ; 600 ; 18733 ; 140315227518720 ; 16863 ; -1 ; IWANT
6.00 ; 600 ; 18732 ; 140101119985408 ; 16863 ; 49 ; IAMIN
6.00 ; 601 ; 18733 ; 140315227518720 ; 10043 ; -1 ; IWANT
6.00 ; 601 ; 18732 ; 140101136770816 ; 10043 ; 50 ; IAMIN
6.00 ; 602 ; 18733 ; 140315227518720 ; 5679 ; -1 ; IWANT
6.00 ; 602 ; 18732 ; 140101119985408 ; 5679 ; 5 ; IAMIN
6.00 ; 603 ; 18733 ; 140315227518720 ; 5091 ; -1 ; IWANT
6.00 ; 603 ; 18732 ; 140101119985408 ; 5091 ; 3 ; IAMIN
6.00 ; 604 ; 18733 ; 140315227518720 ; 16172 ; -1 ; IWANT
6.00 ; 604 ; 18732 ; 140101119985408 ; 16172 ; 2 ; IAMIN
6.00 ; 605 ; 18733 ; 140315227518720 ; 11567 ; -1 ; IWANT
6.00 ; 605 ; 18732 ; 140101136770816 ; 11567 ; 7 ; IAMIN
6.00 ; 606 ; 18733 ; 140315227518720 ; 10950 ; -1 ; IWANT
6.00 ; 606 ; 18732 ; 140101119985408 ; 10950 ; 4 ; IAMIN
6.00 ; 607 ; 18733 ; 140315227518720 ; 18099 ; -1 ; IWANT
6.00 ; 607 ; 18732 ; 140101136770816 ; 18099 ; 6 ; IAMIN
6.00 ; 608 ; 18733 ; 140315227518720 ; 18272 ; -1 ; IWANT
6.00 ; 608 ; 18732 ; 140101119985408 ; 18272 ; 8 ; IAMIN
6.00 ; 609 ; 18733 ; 140315227518720 ; 2315 ; -1 ; IWANT
6.00 ; 609 ; 18732 ; 140101136770816 ; 2315 ; 11 ; IAMIN
6.00 ; 610 ; 18733 ; 140315227518720 ; 4604 ; -1 ; IWANT
6.00 ; 610 ; 18732 ; 140101119985408 ; 4604 ; 10 ; IAMIN
6.00 ; 611 ; 18733 ; 140315227518720 ; 1945 ; -1 ; IWANT
6.00 ; 611 ; 18732 ; 140101119985408 ; 1945 ; 13 ; IAMIN
6.00 ; 612 ; 18733 ; 140315227518720 ; 10982 ; -1 ; IWANT
6.00 ; 612 ; 18732 ; 140101119985408 ; 10982 ; 9 ; IAMIN
6.00 ; 613 ; 18733 ; 140315227518720 ; 18121 ; -1 ; IWANT
6.00 ; 613 ; 18732 ; 140101136770816 ; 18121 ; 12 ; IAMIN
6.00 ; 614 ; 18733 ; 140315227518720 ; 12748 ; -1 ; IWANT
6.00 ; 614 ; 18732 ; 140101119985408 ; 12748 ; 14 ; IAMIN
6.00 ; 615 ; 18733 ; 140315227518720 ; 10597 ; -1 ; IWANT
6.00 ; 615 ; 18732 ; 140101136770816 ; 10597 ; 15 ; IAMIN
6.00 ; 616 ; 18733 ; 140315227518720 ; 17290 ; -1 ; IWANT
6.00 ; 616 ; 18732 ; 140101119985408 ; 17290 ; 16 ; IAMIN
6.00 ; 617 ; 18733 ; 140315227518720 ; 11147 ; -1 ; IWANT
6.00 ; 617 ; 18732 ; 140101136770816 ; 11147 ; 18 ; IAMIN
6.00 ; 618 ; 18733 ; 140315227518720 ; 9755 ; -1 ; IWANT
6.00 ; 618 ; 18732 ; 140101119985408 ; 9755 ; 17 ; IAMIN
6.00 ; 619 ; 18733 ; 140315227518720 ; 17726 ; -1 ; IWANT
6.00 ; 619 ; 18732 ; 140101119985408 ; 17726 ; 20 ; IAMIN
6.00 ; 620 ; 18733 ; 140315227518720 ; 9733 ; -1 ; IWANT
6.00 ; 620 ; 18732 ; 140101136770816 ; 9733 ; 21 ; IAMIN
6.00 ; 621 ; 18733 ; 140315227518720 ; 1869 ; -1 ; IWANT
6.00 ; 621 ; 18732 ; 140101136770816 ; 1869 ; 22 ; IAMIN
6.00 ; 622 ; 18733 ; 140315227518720 ; 15159 ; -1 ; IWANT
6.00 ; 622 ; 18732 ; 140101136770816 ; 15159 ; 23 ; IAMIN
6.00 ; 623 ; 18733 ; 140315227518720 ; 4436 ; -1 ; IWANT
6.00 ; 623 ; 18732 ; 140101119985408 ; 4436 ; 19 ; IAMIN
6.00 ; 624 ; 18733 ; 140315227518720 ; 16485 ; -1 ; IWANT
6.00 ; 624 ; 18732 ; 140101136770816 ; 16485 ; 24 ; IAMIN
6.00 ; 625 ; 18733 ; 140315227518720 ; 2749 ; -1 ; IWANT
6.00 ; 625 ; 18732 ; 140101119985408 ; 2749 ; 26 ; IAMIN
6.00 ; 626 ; 18733 ; 140315227518720 ; 6543 ; -1 ; IWANT
6.00 ; 626 ; 18732 ; 140101136770816 ; 6543 ; 28 ; IAMIN
6.00 ; 627 ; 18733 ; 140315227518720 ; 15748 ; -1 ; IWANT
6.00 ; 627 ; 18732 ; 140101136770816 ; 15748 ; 25 ; IAMIN
6.00 ; 628 ; 18733 ; 140315227518720 ; 1284 ; -1 ; IWANT
6.00 ; 628 ; 18732 ; 140101119985408 ; 1284 ; 27 ; IAMIN
6.00 ; 629 ; 18733 ; 140315227518720 ; 6543 ; -1 ; IWANT
6.00 ; 629 ; 18732 ; 140101136770816 ; 6543 ; 29 ; IAMIN
6.00 ; 630 ; 18733 ; 140315227518720 ; 5649 ; -1 ; IWANT
6.00 ; 630 ; 18732 ; 140101136770816 ; 5649 ; 30 ; IAMIN
6.00 ; 631 ; 18733 ; 140315227518720 ; 18146 ; -1 ; IWANT
6.00 ; 631 ; 18732 ; 140101136770816 ; 18146 ; 32 ; IAMIN
6.00 ; 632 ; 18733 ; 140315227518720 ; 16586 ; -1 ; IWANT
6.00 ; 632 ; 18732 ; 140101119985408 ; 16586 ; 34 ; IAMIN
6.00 ; 633 ; 18733 ; 140315227518720 ; 7679 ; -1 ; IWANT
6.00 ; 633 ; 18732 ; 140101136770816 ; 7679 ; 31 ; IAMIN
6.00 ; 634 ; 18733 ; 140315227518720 ; 19588 ; -1 ; IWANT
6.00 ; 634 ; 18732 ; 140101136770816 ; 19588 ; 35 ; IAMIN
6.00 ; 635 ; 18733 ; 140315227518720 ; 9109 ; -1 ; IWANT
6.00 ; 635 ; 18732 ; 140101119985408 ; 9109 ; 37 ; IAMIN
6.00 ; 636 ; 18733 ; 140315227518720 ; 15597 ; -1 ; IWANT
6.00 ; 636 ; 18732 ; 140101136770816 ; 15597 ; 36 ; IAMIN
6.00 ; 637 ; 18733 ; 140315227518720 ; 10537 ; -1 ; IWANT
6.00 ; 637 ; 18732 ; 140101119985408 ; 10537 ; 33 ; IAMIN
6.00 ; 638 ; 18733 ; 140315227518720 ; 7207 ; -1 ; IWANT
6.00 ; 638 ; 18732 ; 140101136770816 ; 7207 ; 39 ; IAMIN
6.00 ; 639 ; 18733 ; 140315227518720 ; 13868 ; -1 ; IWANT
6.00 ; 639 ; 18732 ; 140101136770816 ; 13868 ; 38 ; IAMIN
6.00 ; 640 ; 18733 ; 140315227518720 ; 9203 ; -1 ; IWANT
6.00 ; 640 ; 18732 ; 140101119985408 ; 9203 ; 42 ; IAMIN
6.00 ; 641 ; 18733 ; 140315227518720 ; 8162 ; -1 ; IWANT
6.00 ; 641 ; 18732 ; 140101119985408 ; 8162 ; 40 ; IAMIN
6.00 ; 642 ; 18733 ; 140315227518720 ; 12164 ; -1 ; IWANT
6.00 ; 642 ; 18732 ; 140101119985408 ; 12164 ; 41 ; IAMIN
6.00 ; 643 ; 18733 ; 140315227518720 ; 16536 ; -1 ; IWANT
6.00 ; 643 ; 18732 ; 140101136770816 ; 16536 ; 44 ; IAMIN
6.00 ; 644 ; 18733 ; 140315227518720 ; 2634 ; -1 ; IWANT
6.00 ; 644 ; 18732 ; 140101119985408 ; 2634 ; 43 ; IAMIN
6.00 ; 645 ; 18733 ; 140315227518720 ; 1263 ; -1 ; IWANT
6.00 ; 645 ; 18732 ; 140101136770816 ; 1263 ; 45 ; IAMIN
6.00 ; 646 ; 18733 ; 140315227518720 ; 7133 ; -1 ; IWANT
6.00 ; 646 ; 18732 ; 140101136770816 ; 7133 ; 48 ; IAMIN
6.00 ; 647 ; 18733 ; 140315227518720 ; 19924 ; -1 ; IWANT
6.00 ; 647 ; 18732 ; 140101136770816 ; 19924 ; 46 ; IAMIN
6.00 ; 648 ; 18733 ; 140315227518720 ; 8761 ; -1 ; IWANT
6.00 ; 648 ; 18732 ; 140101119985408 ; 8761 ; 1 ; IAMIN
6.00 ; 649 ; 18733 ; 140315227518720 ; 13239 ; -1 ; IWANT
6.00 ; 649 ; 18732 ; 140101119985408 ; 13239 ; 47 ; IAMIN
6.00 ; 650 ; 18733 ; 140315227518720 ; 14001 ; -1 ; IWANT
6.00 ; 650 ; 18732 ; 140101136770816 ; 14001 ; 49 ; IAMIN
6.00 ; 651 ; 18733 ; 140315227518720 ; 14845 ; -1 ; IWANT
6.00 ; 651 ; 18732 ; 140101119985408 ; 14845 ; 50 ; IAMIN
6.00 ; 652 ; 18733 ; 140315227518720 ; 15107 ; -1 ; IWANT
6.00 ; 652 ; 18732 ; 140101136770816 ; 15107 ; 5 ; IAMIN
6.00 ; 653 ; 18733 ; 140315227518720 ; 9160 ; -1 ; IWANT
6.00 ; 653 ; 18732 ; 140101119985408 ; 9160 ; 3 ; IAMIN
6.00 ; 654 ; 18733 ; 140315227518720 ; 15632 ; -1 ; IWANT
6.00 ; 654 ; 18732 ; 140101119985408 ; 15632 ; 2 ; IAMIN
6.00 ; 655 ; 18733 ; 140315227518720 ; 11591 ; -1 ; IWANT
6.00 ; 655 ; 18732 ; 140101136770816 ; 11591 ; 7 ; IAMIN
6.00 ; 656 ; 18733 ; 140315227518720 ; 11908 ; -1 ; IWANT
6.00 ; 656 ; 18732 ; 140101119985408 ; 11908 ; 4 ; IAMIN
6.00 ; 657 ; 18733 ; 140315227518720 ; 2175 ; -1 ; IWANT
6.00 ; 657 ; 18732 ; 140101136770816 ; 2175 ; 6 ; IAMIN
6.00 ; 658 ; 18733 ; 140315227518720 ; 3690 ; -1 ; IWANT
6.00 ; 658 ; 18732 ; 140101136770816 ; 3690 ; 11 ; IAMIN
6.00 ; 659 ; 18733 ; 140315227518720 ; 13191 ; -1 ; IWANT
6.00 ; 659 ; 18732 ; 140101136770816 ; 13191 ; 8 ; IAMIN
6.00 ; 660 ; 18733 ; 140315227518720 ; 5069 ; -1 ; IWANT
6.00 ; 660 ; 18732 ; 140101119985408 ; 5069 ; 10 ; IAMIN
6.00 ; 661 ; 18733 ; 140315227518720 ; 9338 ; -1 ; IWANT
6.00 ; 661 ; 18732 ; 140101119985408 ; 9338 ; 13 ; IAMIN
6.00 ; 662 ; 18733 ; 140315227518720 ; 7688 ; -1 ; IWANT
6.00 ; 662 ; 18732 ; 140101119985408 ; 7688 ; 9 ; IAMIN
6.00 ; 663 ; 18733 ; 140315227518720 ; 1654 ; -1 ; IWANT
6.00 ; 663 ; 18732 ; 140101119985408 ; 1654 ; 12 ; IAMIN
6.00 ; 664 ; 18733 ; 140315227518720 ; 13368 ; -1 ; IWANT
6.00 ; 664 ; 18732 ; 140101119985408 ; 13368 ; 14 ; IAMIN
6.00 ; 665 ; 18733 ; 140315227518720 ; 3628 ; -1 ; IWANT
6.00 ; 665 ; 18732 ; 140101136770816 ; 3628 ; 15 ; IAMIN
6.00 ; 666 ; 18733 ; 140315227518720 ; 10762 ; -1 ; IWANT
6.00 ; 666 ; 18732 ; 140101136770816 ; 10762 ; 16 ; IAMIN
6.00 ; 667 ; 18733 ; 140315227518720 ; 8965 ; -1 ; IWANT
6.00 ; 667 ; 18732 ; 140101119985408 ; 8965 ; 18 ; IAMIN
6.00 ; 668 ; 18733 ; 140315227518720 ; 10516 ; -1 ; IWANT
6.00 ; 668 ; 18732 ; 140101119985408 ; 10516 ; 17 ; IAMIN
6.00 ; 669 ; 18733 ; 140315227518720 ; 14320 ; -1 ; IWANT
6.00 ; 669 ; 18732 ; 140101136770816 ; 14320 ; 20 ; IAMIN
6.00 ; 670 ; 18733 ; 140315227518720 ; 19184 ; -1 ; IWANT
6.00 ; 670 ; 18732 ; 140101119985408 ; 19184 ; 21 ; IAMIN
6.00 ; 671 ; 18733 ; 140315227518720 ; 19719 ; -1 ; IWANT
6.00 ; 671 ; 18732 ; 140101136770816 ; 19719 ; 22 ; IAMIN
6.00 ; 672 ; 18733 ; 140315227518720 ; 2482 ; -1 ; IWANT
6.00 ; 672 ; 18732 ; 140101119985408 ; 2482 ; 19 ; IAMIN
6.00 ; 673 ; 18733 ; 140315227518720 ; 11348 ; -1 ; IWANT
6.00 ; 673 ; 18732 ; 140101136770816 ; 11348 ; 23 ; IAMIN
6.00 ; 674 ; 18733 ; 140315227518720 ; 16254 ; -1 ; IWANT
6.00 ; 674 ; 18732 ; 140101119985408 ; 16254 ; 26 ; IAMIN
6.00 ; 675 ; 18733 ; 140315227518720 ; 5115 ; -1 ; IWANT
6.00 ; 675 ; 18732 ; 140101136770816 ; 5115 ; 24 ; IAMIN
6.00 ; 676 ; 18733 ; 140315227518720 ; 8962 ; -1 ; IWANT
6.00 ; 676 ; 18732 ; 140101119985408 ; 8962 ; 28 ; IAMIN
6.00 ; 677 ; 18733 ; 140315227518720 ; 19738 ; -1 ; IWANT
6.00 ; 677 ; 18732 ; 140101119985408 ; 19738 ; 27 ; IAMIN
6.00 ; 678 ; 18733 ; 140315227518720 ; 1390 ; -1 ; IWANT
6.00 ; 678 ; 18732 ; 140101136770816 ; 1390 ; 25 ; IAMIN
6.00 ; 679 ; 18733 ; 140315227518720 ; 17723 ; -1 ; IWANT
6.00 ; 679 ; 18732 ; 140101119985408 ; 17723 ; 29 ; IAMIN
6.00 ; 680 ; 18733 ; 140315227518720 ; 12976 ; -1 ; IWANT
6.00 ; 680 ; 18732 ; 140101136770816 ; 12976 ; 30 ; IAMIN
6.00 ; 681 ; 18733 ; 140315227518720 ; 15391 ; -1 ; IWANT
6.00 ; 681 ; 18732 ; 140101119985408 ; 15391 ; 32 ; IAMIN
6.00 ; 682 ; 18733 ; 140315227518720 ; 8919 ; -1 ; IWANT
6.00 ; 682 ; 18732 ; 140101136770816 ; 8919 ; 34 ; IAMIN
6.00 ; 683 ; 18733 ; 140315227518720 ; 4434 ; -1 ; IWANT
6.00 ; 683 ; 18732 ; 140101136770816 ; 4434 ; 31 ; IAMIN
6.00 ; 684 ; 18733 ; 140315227518720 ; 902 ; -1 ; IWANT
6.00 ; 684 ; 18732 ; 140101136770816 ; 902 ; 37 ; IAMIN
6.00 ; 685 ; 18733 ; 140315227518720 ; 4551 ; -1 ; IWANT
6.00 ; 685 ; 18732 ; 140101136770816 ; 4551 ; 35 ; IAMIN
6.00 ; 686 ; 18733 ; 140315227518720 ; 12377 ; -1 ; IWANT
6.00 ; 686 ; 18732 ; 140101136770816 ; 12377 ; 36 ; IAMIN
6.00 ; 687 ; 18733 ; 140315227518720 ; 9161 ; -1 ; IWANT
6.00 ; 687 ; 18732 ; 140101119985408 ; 9161 ; 33 ; IAMIN
7.00 ; 688 ; 18733 ; 140315227518720 ; 3077 ; -1 ; IWANT
7.00 ; 688 ; 18732 ; 140101119985408 ; 3077 ; 39 ; IAMIN
7.00 ; 689 ; 18733 ; 140315227518720 ; 16066 ; -1 ; IWANT
7.00 ; 689 ; 18732 ; 140101119985408 ; 16066 ; 38 ; IAMIN
7.00 ; 690 ; 18733 ; 140315227518720 ; 18703 ; -1 ; IWANT
7.00 ; 690 ; 18732 ; 140101136770816 ; 18703 ; 42 ; IAMIN
7.00 ; 691 ; 18733 ; 140315227518720 ; 8145 ; -1 ; IWANT
7.00 ; 691 ; 18732 ; 140101119985408 ; 8145 ; 40 ; IAMIN
7.00 ; 692 ; 18733 ; 140315227518720 ; 5404 ; -1 ; IWANT
7.00 ; 692 ; 18732 ; 140101136770816 ; 5404 ; 41 ; IAMIN
7.00 ; 693 ; 18733 ; 140315227518720 ; 2742 ; -1 ; IWANT
7.00 ; 693 ; 18732 ; 140101136770816 ; 2742 ; 43 ; IAMIN
7.00 ; 694 ; 18733 ; 140315227518720 ; 9799 ; -1 ; IWANT
7.00 ; 694 ; 18732 ; 140101136770816 ; 9799 ; 44 ; IAMIN
7.00 ; 695 ; 18733 ; 140315227518720 ; 18771 ; -1 ; IWANT
7.00 ; 695 ; 18732 ; 140101136770816 ; 18771 ; 45 ; IAMIN
7.00 ; 696 ; 18733 ; 140315227518720 ; 6369 ; -1 ; IWANT
7.00 ; 696 ; 18732 ; 140101119985408 ; 6369 ; 48 ; IAMIN
7.00 ; 697 ; 18733 ; 140315227518720 ; 16912 ; -1 ; IWANT
7.00 ; 697 ; 18732 ; 140101136770816 ; 16912 ; 1 ; IAMIN
7.00 ; 698 ; 18733 ; 140315227518720 ; 7735 ; -1 ; IWANT
7.00 ; 698 ; 18732 ; 140101119985408 ; 7735 ; 46 ; IAMIN
7.00 ; 699 ; 18733 ; 140315227518720 ; 16885 ; -1 ; IWANT
7.00 ; 699 ; 18732 ; 140101119985408 ; 16885 ; 47 ; IAMIN
7.00 ; 700 ; 18733 ; 140315227518720 ; 11232 ; -1 ; IWANT
7.00 ; 700 ; 18732 ; 140101136770816 ; 11232 ; 49 ; IAMIN
7.00 ; 701 ; 18733 ; 140315227518720 ; 3271 ; -1 ; IWANT
7.00 ; 701 ; 18732 ; 140101119985408 ; 3271 ; 50 ; IAMIN
7.00 ; 702 ; 18733 ; 140315227518720 ; 12955 ; -1 ; IWANT
7.00 ; 702 ; 18732 ; 140101119985408 ; 12955 ; 5 ; IAMIN
7.00 ; 703 ; 18733 ; 140315227518720 ; 10065 ; -1 ; IWANT
7.00 ; 703 ; 18732 ; 140101136770816 ; 10065 ; 3 ; IAMIN
7.00 ; 704 ; 18733 ; 140315227518720 ; 14618 ; -1 ; IWANT
7.00 ; 704 ; 18732 ; 140101119985408 ; 14618 ; 2 ; IAMIN
7.00 ; 705 ; 18733 ; 140315227518720 ; 9208 ; -1 ; IWANT
7.00 ; 705 ; 18732 ; 140101136770816 ; 9208 ; 7 ; IAMIN
7.00 ; 706 ; 18733 ; 140315227518720 ; 15179 ; -1 ; IWANT
7.00 ; 706 ; 18732 ; 140101136770816 ; 15179 ; 4 ; IAMIN
7.00 ; 707 ; 18733 ; 140315227518720 ; 19931 ; -1 ; IWANT
7.00 ; 707 ; 18732 ; 140101119985408 ; 19931 ; 6 ; IAMIN
7.00 ; 708 ; 18733 ; 140315227518720 ; 5298 ; -1 ; IWANT
7.00 ; 708 ; 18732 ; 140101136770816 ; 5298 ; 11 ; IAMIN
7.00 ; 709 ; 18733 ; 140315227518720 ; 12921 ; -1 ; IWANT
7.00 ; 709 ; 18732 ; 140101119985408 ; 12921 ; 8 ; IAMIN
7.00 ; 710 ; 18733 ; 140315227518720 ; 14005 ; -1 ; IWANT
7.00 ; 710 ; 18732 ; 140101136770816 ; 14005 ; 10 ; IAMIN
7.00 ; 711 ; 18733 ; 140315227518720 ; 18273 ; -1 ; IWANT
7.00 ; 711 ; 18732 ; 140101119985408 ; 18273 ; 13 ; IAMIN
7.00 ; 712 ; 18733 ; 140315227518720 ; 4663 ; -1 ; IWANT
7.00 ; 712 ; 18732 ; 140101136770816 ; 4663 ; 9 ; IAMIN
7.00 ; 713 ; 18733 ; 140315227518720 ; 2924 ; -1 ; IWANT
7.00 ; 713 ; 18732 ; 140101119985408 ; 2924 ; 12 ; IAMIN
7.00 ; 714 ; 18733 ; 140315227518720 ; 19059 ; -1 ; IWANT
7.00 ; 714 ; 18732 ; 140101119985408 ; 19059 ; 14 ; IAMIN
7.00 ; 715 ; 18733 ; 140315227518720 ; 5564 ; -1 ; IWANT
7.00 ; 715 ; 18732 ; 140101136770816 ; 5564 ; 15 ; IAMIN
7.00 ; 716 ; 18733 ; 140315227518720 ; 7474 ; -1 ; IWANT
7.00 ; 716 ; 18732 ; 140101119985408 ; 7474 ; 16 ; IAMIN
7.00 ; 717 ; 18733 ; 140315227518720 ; 11435 ; -1 ; IWANT
7.00 ; 717 ; 18732 ; 140101119985408 ; 11435 ; 18 ; IAMIN
7.00 ; 718 ; 18733 ; 140315227518720 ; 11076 ; -1 ; IWANT
7.00 ; 718 ; 18732 ; 140101136770816 ; 11076 ; 17 ; IAMIN
7.00 ; 719 ; 18733 ; 140315227518720 ; 10550 ; -1 ; IWANT
7.00 ; 719 ; 18732 ; 140101119985408 ; 10550 ; 20 ; IAMIN
7.00 ; 720 ; 18733 ; 140315227518720 ; 7500 ; -1 ; IWANT
7.00 ; 720 ; 18732 ; 140101136770816 ; 7500 ; 21 ; IAMIN
7.00 ; 721 ; 18733 ; 140315227518720 ; 9778 ; -1 ; IWANT
7.00 ; 721 ; 18732 ; 140101136770816 ; 9778 ; 19 ; IAMIN
7.00 ; 722 ; 18733 ; 140315227518720 ; 18694 ; -1 ; IWANT
7.00 ; 722 ; 18732 ; 140101136770816 ; 18694 ; 22 ; IAMIN
7.00 ; 723 ; 18733 ; 140315227518720 ; 9255 ; -1 ; IWANT
7.00 ; 723 ; 18732 ; 140101119985408 ; 9255 ; 23 ; IAMIN
7.00 ; 724 ; 18733 ; 140315227518720 ; 12519 ; -1 ; IWANT
7.00 ; 724 ; 18732 ; 140101119985408 ; 12519 ; 24 ; IAMIN
7.00 ; 725 ; 18733 ; 140315227518720 ; 4844 ; -1 ; IWANT
7.00 ; 725 ; 18732 ; 140101136770816 ; 4844 ; 26 ; IAMIN
7.00 ; 726 ; 18733 ; 140315227518720 ; 4378 ; -1 ; IWANT
7.00 ; 726 ; 18732 ; 140101136770816 ; 4378 ; 28 ; IAMIN
7.00 ; 727 ; 18733 ; 140315227518720 ; 18888 ; -1 ; IWANT
7.00 ; 727 ; 18732 ; 140101136770816 ; 18888 ; 25 ; IAMIN
7.00 ; 728 ; 18733 ; 140315227518720 ; 1756 ; -1 ; IWANT
7.00 ; 728 ; 18732 ; 140101119985408 ; 1756 ; 27 ; IAMIN
7.00 ; 729 ; 18733 ; 140315227518720 ; 8464 ; -1 ; IWANT
7.00 ; 729 ; 18732 ; 140101136770816 ; 8464 ; 29 ; IAMIN
7.00 ; 730 ; 18733 ; 140315227518720 ; 12124 ; -1 ; IWANT
7.00 ; 730 ; 18732 ; 140101136770816 ; 12124 ; 30 ; IAMIN
7.00 ; 731 ; 18733 ; 140315227518720 ; 9339 ; -1 ; IWANT
7.00 ; 731 ; 18732 ; 140101119985408 ; 9339 ; 32 ; IAMIN
7.00 ; 732 ; 18733 ; 140315227518720 ; 11734 ; -1 ; IWANT
7.00 ; 732 ; 18732 ; 140101119985408 ; 11734 ; 34 ; IAMIN
7.00 ; 733 ; 18733 ; 140315227518720 ; 5078 ; -1 ; IWANT
7.00 ; 733 ; 18732 ; 140101136770816 ; 5078 ; 31 ; IAMIN
7.00 ; 734 ; 18733 ; 140315227518720 ; 19403 ; -1 ; IWANT
7.00 ; 734 ; 18732 ; 140101136770816 ; 19403 ; 37 ; IAMIN
7.00 ; 735 ; 18733 ; 140315227518720 ; 2703 ; -1 ; IWANT
7.00 ; 735 ; 18732 ; 140101119985408 ; 2703 ; 35 ; IAMIN
7.00 ; 736 ; 18733 ; 140315227518720 ; 10637 ; -1 ; IWANT
7.00 ; 736 ; 18732 ; 140101136770816 ; 10637 ; 36 ; IAMIN
7.00 ; 737 ; 18733 ; 140315227518720 ; 10933 ; -1 ; IWANT
7.00 ; 737 ; 18732 ; 140101119985408 ; 10933 ; 33 ; IAMIN
7.00 ; 738 ; 18733 ; 140315227518720 ; 2634 ; -1 ; IWANT
7.00 ; 738 ; 18732 ; 140101136770816 ; 2634 ; 39 ; IAMIN
7.00 ; 739 ; 18733 ; 140315227518720 ; 15934 ; -1 ; IWANT
7.00 ; 739 ; 18732 ; 140101136770816 ; 15934 ; 38 ; IAMIN
7.00 ; 740 ; 18733 ; 140315227518720 ; 3853 ; -1 ; IWANT
7.00 ; 740 ; 18732 ; 140101119985408 ; 3853 ; 40 ; IAMIN
7.00 ; 741 ; 18733 ; 140315227518720 ; 16638 ; -1 ; IWANT
7.00 ; 741 ; 18732 ; 140101136770816 ; 16638 ; 42 ; IAMIN
7.00 ; 742 ; 18733 ; 140315227518720 ; 10559 ; -1 ; IWANT
7.00 ; 742 ; 18732 ; 140101119985408 ; 10559 ; 41 ; IAMIN
7.00 ; 743 ; 18733 ; 140315227518720 ; 8515 ; -1 ; IWANT
7.00 ; 743 ; 18732 ; 140101136770816 ; 8515 ; 43 ; IAMIN
7.00 ; 744 ; 18733 ; 140315227518720 ; 19561 ; -1 ; IWANT
7.00 ; 744 ; 18732 ; 140101136770816 ; 19561 ; 44 ; IAMIN
7.00 ; 745 ; 18733 ; 140315227518720 ; 9617 ; -1 ; IWANT
7.00 ; 745 ; 18732 ; 140101119985408 ; 9617 ; 48 ; IAMIN
7.00 ; 746 ; 18733 ; 140315227518720 ; 10430 ; -1 ; IWANT
7.00 ; 746 ; 18732 ; 140101119985408 ; 10430 ; 45 ; IAMIN
7.00 ; 747 ; 18733 ; 140315227518720 ; 3386 ; -1 ; IWANT
7.00 ; 747 ; 18732 ; 140101136770816 ; 3386 ; 1 ; IAMIN
7.00 ; 748 ; 18733 ; 140315227518720 ; 1051 ; -1 ; IWANT
7.00 ; 748 ; 18732 ; 140101136770816 ; 1051 ; 46 ; IAMIN
7.00 ; 749 ; 18733 ; 140315227518720 ; 1505 ; -1 ; IWANT
7.00 ; 749 ; 18732 ; 140101136770816 ; 1505 ; 47 ; IAMIN
7.00 ; 750 ; 18733 ; 140315227518720 ; 10287 ; -1 ; IWANT
7.00 ; 750 ; 18732 ; 140101136770816 ; 10287 ; 49 ; IAMIN
7.00 ; 751 ; 18733 ; 140315227518720 ; 4902 ; -1 ; IWANT
7.00 ; 751 ; 18732 ; 140101119985408 ; 4902 ; 50 ; IAMIN
7.00 ; 752 ; 18733 ; 140315227518720 ; 11282 ; -1 ; IWANT
7.00 ; 752 ; 18732 ; 140101119985408 ; 11282 ; 5 ; IAMIN
7.00 ; 753 ; 18733 ; 140315227518720 ; 5333 ; -1 ; IWANT
7.00 ; 753 ; 18732 ; 140101136770816 ; 5333 ; 3 ; IAMIN
7.00 ; 754 ; 18733 ; 140315227518720 ; 14157 ; -1 ; IWANT
7.00 ; 754 ; 18732 ; 140101136770816 ; 14157 ; 2 ; IAMIN
7.00 ; 755 ; 18733 ; 140315227518720 ; 153 ; -1 ; IWANT
7.00 ; 755 ; 18732 ; 140101119985408 ; 153 ; 7 ; IAMIN
7.00 ; 756 ; 18733 ; 140315227518720 ; 10176 ; -1 ; IWANT
7.00 ; 756 ; 18732 ; 140101136770816 ; 10176 ; 4 ; IAMIN
7.00 ; 757 ; 18733 ; 140315227518720 ; 18534 ; -1 ; IWANT
7.00 ; 757 ; 18732 ; 140101119985408 ; 18534 ; 11 ; IAMIN
7.00 ; 758 ; 18733 ; 140315227518720 ; 15392 ; -1 ; IWANT
7.00 ; 758 ; 18732 ; 140101136770816 ; 15392 ; 6 ; IAMIN
7.00 ; 759 ; 18733 ; 140315227518720 ; 8283 ; -1 ; IWANT
7.00 ; 759 ; 18732 ; 140101119985408 ; 8283 ; 8 ; IAMIN
7.00 ; 760 ; 18733 ; 140315227518720 ; 6997 ; -1 ; IWANT
7.00 ; 760 ; 18732 ; 140101119985408 ; 6997 ; 10 ; IAMIN
7.00 ; 761 ; 18733 ; 140315227518720 ; 3867 ; -1 ; IWANT
7.00 ; 761 ; 18732 ; 140101119985408 ; 3867 ; 9 ; IAMIN
7.00 ; 762 ; 18733 ; 140315227518720 ; 17621 ; -1 ; IWANT
7.00 ; 762 ; 18732 ; 140101119985408 ; 17621 ; 13 ; IAMIN
7.00 ; 763 ; 18733 ; 140315227518720 ; 15083 ; -1 ; IWANT
7.00 ; 763 ; 18732 ; 140101136770816 ; 15083 ; 12 ; IAMIN
7.00 ; 764 ; 18733 ; 140315227518720 ; 8944 ; -1 ; IWANT
7.00 ; 764 ; 18732 ; 140101119985408 ; 8944 ; 15 ; IAMIN
7.00 ; 765 ; 18733 ; 140315227518720 ; 17023 ; -1 ; IWANT
7.00 ; 765 ; 18732 ; 140101119985408 ; 17023 ; 14 ; IAMIN
7.00 ; 766 ; 18733 ; 140315227518720 ; 17785 ; -1 ; IWANT
7.00 ; 766 ; 18732 ; 140101136770816 ; 17785 ; 16 ; IAMIN
7.00 ; 767 ; 18733 ; 140315227518720 ; 15932 ; -1 ; IWANT
7.00 ; 767 ; 18732 ; 140101119985408 ; 15932 ; 18 ; IAMIN
7.00 ; 768 ; 18733 ; 140315227518720 ; 7956 ; -1 ; IWANT
7.00 ; 768 ; 18732 ; 140101136770816 ; 7956 ; 17 ; IAMIN
7.00 ; 769 ; 18733 ; 140315227518720 ; 418 ; -1 ; IWANT
7.00 ; 769 ; 18732 ; 140101136770816 ; 418 ; 20 ; IAMIN
